Using pre-set license
Built from '2021.3/staging' branch; Version is '2021.3.8f1 (b30333d56e81) revision 11731763'; Using compiler version '192829333'; Build Type 'Release'
OS: 'Windows 10  (10.0.19044) 64bit Core' Language: 'en' Physical Memory: 16327 MB
BatchMode: 1, IsHumanControllingUs: 0, StartBugReporterOnCrash: 0, Is64bit: 1, IsPro: 1

COMMAND LINE ARGUMENTS:
C:\Program Files\Unity\Hub\Editor\2021.3.8f1\Editor\Unity.exe
-adb2
-batchMode
-noUpm
-name
AssetImportWorker4
-projectPath
C:/Users/Dan/Desktop/Upenn game
-logFile
Logs/AssetImportWorker4.log
-srvPort
62901
Successfully changed project path to: C:/Users/Dan/Desktop/Upenn game
C:/Users/Dan/Desktop/Upenn game
[UnityMemory] Configuration Parameters - Can be set up in boot.config
    "memorysetup-bucket-allocator-granularity=16"
    "memorysetup-bucket-allocator-bucket-count=8"
    "memorysetup-bucket-allocator-block-size=33554432"
    "memorysetup-bucket-allocator-block-count=8"
    "memorysetup-main-allocator-block-size=16777216"
    "memorysetup-thread-allocator-block-size=16777216"
    "memorysetup-gfx-main-allocator-block-size=16777216"
    "memorysetup-gfx-thread-allocator-block-size=16777216"
    "memorysetup-cache-allocator-block-size=4194304"
    "memorysetup-typetree-allocator-block-size=2097152"
    "memorysetup-profiler-bucket-allocator-granularity=16"
    "memorysetup-profiler-bucket-allocator-bucket-count=8"
    "memorysetup-profiler-bucket-allocator-block-size=33554432"
    "memorysetup-profiler-bucket-allocator-block-count=8"
    "memorysetup-profiler-allocator-block-size=16777216"
    "memorysetup-profiler-editor-allocator-block-size=1048576"
    "memorysetup-temp-allocator-size-main=16777216"
    "memorysetup-job-temp-allocator-block-size=2097152"
    "memorysetup-job-temp-allocator-block-size-background=1048576"
    "memorysetup-job-temp-allocator-reduction-small-platforms=262144"
    "memorysetup-temp-allocator-size-background-worker=32768"
    "memorysetup-temp-allocator-size-job-worker=262144"
    "memorysetup-temp-allocator-size-preload-manager=33554432"
    "memorysetup-temp-allocator-size-nav-mesh-worker=65536"
    "memorysetup-temp-allocator-size-audio-worker=65536"
    "memorysetup-temp-allocator-size-cloud-worker=32768"
    "memorysetup-temp-allocator-size-gi-baking-worker=262144"
    "memorysetup-temp-allocator-size-gfx=262144"
Refreshing native plugins compatible for Editor in 80.93 ms, found 3 plugins.
Preloading 0 native plugins for Editor in 0.00 ms.
Initialize engine version: 2021.3.8f1 (b30333d56e81)
[Subsystems] Discovering subsystems at path C:/Program Files/Unity/Hub/Editor/2021.3.8f1/Editor/Data/Resources/UnitySubsystems
[Subsystems] Discovering subsystems at path C:/Users/Dan/Desktop/Upenn game/Assets
GfxDevice: creating device client; threaded=0; jobified=0
Direct3D:
    Version:  Direct3D 11.0 [level 11.1]
    Renderer: NVIDIA GeForce RTX 2070 SUPER (ID=0x1e84)
    Vendor:   NVIDIA
    VRAM:     8011 MB
    Driver:   31.0.15.1694
Initialize mono
Mono path[0] = 'C:/Program Files/Unity/Hub/Editor/2021.3.8f1/Editor/Data/Managed'
Mono path[1] = 'C:/Program Files/Unity/Hub/Editor/2021.3.8f1/Editor/Data/MonoBleedingEdge/lib/mono/unityjit-win32'
Mono config path = 'C:/Program Files/Unity/Hub/Editor/2021.3.8f1/Editor/Data/MonoBleedingEdge/etc'
Using monoOptions --debugger-agent=transport=dt_socket,embedding=1,server=y,suspend=n,address=127.0.0.1:56548
Begin MonoManager ReloadAssembly
Registering precompiled unity dll's ...
Register platform support module: C:/Program Files/Unity/Hub/Editor/2021.3.8f1/Editor/Data/PlaybackEngines/WebGLSupport/UnityEditor.WebGL.Extensions.dll
Register platform support module: C:/Program Files/Unity/Hub/Editor/2021.3.8f1/Editor/Data/PlaybackEngines/WindowsStandaloneSupport/UnityEditor.WindowsStandalone.Extensions.dll
Registered in 0.007785 seconds.
Native extension for WindowsStandalone target not found
Native extension for WebGL target not found
Refreshing native plugins compatible for Editor in 80.58 ms, found 3 plugins.
Preloading 0 native plugins for Editor in 0.00 ms.
Mono: successfully reloaded assembly
- Completed reload, in  0.578 seconds
Domain Reload Profiling:
	ReloadAssembly (578ms)
		BeginReloadAssembly (70ms)
			ExecutionOrderSort (0ms)
			DisableScriptedObjects (0ms)
			BackupInstance (0ms)
			ReleaseScriptingObjects (0ms)
			CreateAndSetChildDomain (1ms)
		EndReloadAssembly (410ms)
			LoadAssemblies (68ms)
			RebuildTransferFunctionScriptingTraits (0ms)
			SetupTypeCache (94ms)
			ReleaseScriptCaches (0ms)
			RebuildScriptCaches (24ms)
			SetupLoadedEditorAssemblies (248ms)
				LogAssemblyErrors (0ms)
				InitializePlatformSupportModulesInManaged (9ms)
				SetLoadedEditorAssemblies (0ms)
				RefreshPlugins (81ms)
				BeforeProcessingInitializeOnLoad (1ms)
				ProcessInitializeOnLoadAttributes (120ms)
				ProcessInitializeOnLoadMethodAttributes (38ms)
				AfterProcessingInitializeOnLoad (0ms)
				EditorAssembliesLoaded (0ms)
			ExecutionOrderSort2 (0ms)
			AwakeInstancesAfterBackupRestoration (0ms)
Platform modules already initialized, skipping
Registering precompiled user dll's ...
Registered in 0.005999 seconds.
Begin MonoManager ReloadAssembly
Symbol file LoadedFromMemory doesn't match image C:\Users\Dan\Desktop\Upenn game\Library\PackageCache\com.unity.visualscripting@1.7.8\Editor\VisualScripting.Core\Dependencies\YamlDotNet\Unity.VisualScripting.YamlDotNet.dll
Symbol file LoadedFromMemory doesn't match image C:\Users\Dan\Desktop\Upenn game\Library\PackageCache\com.unity.visualscripting@1.7.8\Editor\VisualScripting.Core\Dependencies\DotNetZip\Unity.VisualScripting.IonicZip.dll
Native extension for WindowsStandalone target not found
Native extension for WebGL target not found
Refreshing native plugins compatible for Editor in 0.58 ms, found 3 plugins.
Preloading 0 native plugins for Editor in 0.00 ms.
Mono: successfully reloaded assembly
- Completed reload, in  0.905 seconds
Domain Reload Profiling:
	ReloadAssembly (905ms)
		BeginReloadAssembly (95ms)
			ExecutionOrderSort (0ms)
			DisableScriptedObjects (5ms)
			BackupInstance (0ms)
			ReleaseScriptingObjects (0ms)
			CreateAndSetChildDomain (17ms)
		EndReloadAssembly (708ms)
			LoadAssemblies (74ms)
			RebuildTransferFunctionScriptingTraits (0ms)
			SetupTypeCache (236ms)
			ReleaseScriptCaches (1ms)
			RebuildScriptCaches (45ms)
			SetupLoadedEditorAssemblies (321ms)
				LogAssemblyErrors (0ms)
				InitializePlatformSupportModulesInManaged (6ms)
				SetLoadedEditorAssemblies (0ms)
				RefreshPlugins (1ms)
				BeforeProcessingInitializeOnLoad (87ms)
				ProcessInitializeOnLoadAttributes (196ms)
				ProcessInitializeOnLoadMethodAttributes (22ms)
				AfterProcessingInitializeOnLoad (9ms)
				EditorAssembliesLoaded (0ms)
			ExecutionOrderSort2 (0ms)
			AwakeInstancesAfterBackupRestoration (5ms)
Platform modules already initialized, skipping
========================================================================
Worker process is ready to serve import requests
Launched and connected shader compiler UnityShaderCompiler.exe after 0.04 seconds
Refreshing native plugins compatible for Editor in 0.72 ms, found 3 plugins.
Preloading 0 native plugins for Editor in 0.00 ms.
Unloading 3769 Unused Serialized files (Serialized files now loaded: 0)
Unloading 28 unused Assets / (147.0 KB). Loaded Objects now: 4231.
Memory consumption went from 135.1 MB to 135.0 MB.
Total: 3.707700 ms (FindLiveObjects: 0.378700 ms CreateObjectMapping: 0.232100 ms MarkObjects: 2.953300 ms  DeleteObjects: 0.142400 ms)

AssetImportParameters requested are different than current active one (requested -> active):
  custom:video-decoder-ogg-theora: a1e56fd34408186e4bbccfd4996cb3dc -> 
  custom:container-muxer-webm: aa71ff27fc2769a1b78a27578f13a17b -> 
  custom:container-demuxer-webm: 4f35f7cbe854078d1ac9338744f61a02 -> 
  custom:video-encoder-webm-vp8: eb34c28f22e8b96e1ab97ce403110664 -> 
  custom:audio-encoder-webm-vorbis: bf7c407c2cedff20999df2af8eb42d56 -> 
  custom:framework-win-MediaFoundation: 216162199b28c13a410421893ffa2e32 -> 
  custom:container-demuxer-ogg: 62fdf1f143b41e24485cea50d1cbac27 -> 
  custom:video-decoder-webm-vp8: 9c59270c3fd7afecdb556c50c9e8de78 -> 
  custom:audio-decoder-ogg-vorbis: bf7c407c2cedff20999df2af8eb42d56 -> 
========================================================================
Received Import Request.
  Time since last request: 146303.736742 seconds.
  path: Assets/Scifi-Gun/Prefabs
  artifactKey: Guid(74b916bf76d304d47b063eb416a96bb9) Importer(815301076,1909f56bfc062723c751e8b465ee728b)
Start importing Assets/Scifi-Gun/Prefabs using Guid(74b916bf76d304d47b063eb416a96bb9) Importer(815301076,1909f56bfc062723c751e8b465ee728b)  -> (artifact id: '89f6e41b9a44938fb46da0d946510645') in 0.011491 seconds 
========================================================================
Received Import Request.
  Time since last request: 0.065836 seconds.
  path: Assets/Scifi-Gun/Prefabs/Gun(AxisCorrection).prefab
  artifactKey: Guid(4e2eb1b4723dc7d49be4e6b3483cb53e) Importer(815301076,1909f56bfc062723c751e8b465ee728b)
Start importing Assets/Scifi-Gun/Prefabs/Gun(AxisCorrection).prefab using Guid(4e2eb1b4723dc7d49be4e6b3483cb53e) Importer(815301076,1909f56bfc062723c751e8b465ee728b)  -> (artifact id: '2633c9e835e638293fbfbba19fa40adb') in 0.081784 seconds 
========================================================================
Received Import Request.
  Time since last request: 18.442039 seconds.
  path: Assets/Scifi-Gun/Color palette
  artifactKey: Guid(80afa5a8122bbe44fbd4c4b4ac828364) Importer(815301076,1909f56bfc062723c751e8b465ee728b)
Start importing Assets/Scifi-Gun/Color palette using Guid(80afa5a8122bbe44fbd4c4b4ac828364) Importer(815301076,1909f56bfc062723c751e8b465ee728b)  -> (artifact id: '3f22ba217b221bffdf7a5d5a555d0b57') in 0.005250 seconds 
========================================================================
Received Import Request.
  Time since last request: 0.083946 seconds.
  path: Assets/Scifi-Gun/Color palette/ColorPalette(Don't Change).png
  artifactKey: Guid(ec4dbdb878485ed46b1cc712101c4a22) Importer(815301076,1909f56bfc062723c751e8b465ee728b)
Start importing Assets/Scifi-Gun/Color palette/ColorPalette(Don't Change).png using Guid(ec4dbdb878485ed46b1cc712101c4a22) Importer(815301076,1909f56bfc062723c751e8b465ee728b)  -> (artifact id: 'fe0197ce4715475b3b7867cfdb8b9b64') in 0.036586 seconds 
========================================================================
Received Import Request.
  Time since last request: 5.911268 seconds.
  path: Assets/Scifi-Gun/Demo Scene
  artifactKey: Guid(50bdd897721362d4ea4db8bb3428b8b3) Importer(815301076,1909f56bfc062723c751e8b465ee728b)
Start importing Assets/Scifi-Gun/Demo Scene using Guid(50bdd897721362d4ea4db8bb3428b8b3) Importer(815301076,1909f56bfc062723c751e8b465ee728b)  -> (artifact id: '7e8f07353c327668b3154059236279d1') in 0.005239 seconds 
========================================================================
Received Import Request.
  Time since last request: 2.232229 seconds.
  path: Assets/Scifi-Gun/Gun Model
  artifactKey: Guid(e76665fd22ecf9f4db7a753153c29def) Importer(815301076,1909f56bfc062723c751e8b465ee728b)
Start importing Assets/Scifi-Gun/Gun Model using Guid(e76665fd22ecf9f4db7a753153c29def) Importer(815301076,1909f56bfc062723c751e8b465ee728b)  -> (artifact id: 'c4272e2245d6715eeb0e62eb12b28c79') in 0.005354 seconds 
========================================================================
Received Import Request.
  Time since last request: 2.688225 seconds.
  path: Assets/Scifi-Gun/Gun Model/ScifiHandGun.fbx
  artifactKey: Guid(28ebbcd7f4773384e867c255af2c669b) Importer(815301076,1909f56bfc062723c751e8b465ee728b)
Start importing Assets/Scifi-Gun/Gun Model/ScifiHandGun.fbx using Guid(28ebbcd7f4773384e867c255af2c669b) Importer(815301076,1909f56bfc062723c751e8b465ee728b)  -> (artifact id: '2ca0144754c57cd92caba4cb27223790') in 0.063406 seconds 
========================================================================
Received Import Request.
  Time since last request: 4.701939 seconds.
  path: Assets/Scifi-Gun/ReadMe.cs
  artifactKey: Guid(201baeca1d806244584e6f8c4cba54e1) Importer(815301076,1909f56bfc062723c751e8b465ee728b)
Start importing Assets/Scifi-Gun/ReadMe.cs using Guid(201baeca1d806244584e6f8c4cba54e1) Importer(815301076,1909f56bfc062723c751e8b465ee728b)  -> (artifact id: '73e5cf3654641e0272ead0c4ca51f603') in 0.007377 seconds 
========================================================================
Received Import Request.
  Time since last request: 180.424870 seconds.
  path: Assets/Materials/GunMetal.mat
  artifactKey: Guid(5b882567934273849b038c6215aa1a4f) Importer(815301076,1909f56bfc062723c751e8b465ee728b)
Start importing Assets/Materials/GunMetal.mat using Guid(5b882567934273849b038c6215aa1a4f) Importer(815301076,1909f56bfc062723c751e8b465ee728b)  -> (artifact id: '3ca248ff8a8d2071542536cf9a992997') in 0.014081 seconds 
========================================================================
Received Prepare
Registering precompiled user dll's ...
Registered in 0.004935 seconds.
Begin MonoManager ReloadAssembly
Symbol file LoadedFromMemory doesn't match image C:\Users\Dan\Desktop\Upenn game\Library\PackageCache\com.unity.visualscripting@1.7.8\Editor\VisualScripting.Core\Dependencies\YamlDotNet\Unity.VisualScripting.YamlDotNet.dll
Symbol file LoadedFromMemory doesn't match image C:\Users\Dan\Desktop\Upenn game\Library\PackageCache\com.unity.visualscripting@1.7.8\Editor\VisualScripting.Core\Dependencies\DotNetZip\Unity.VisualScripting.IonicZip.dll
Native extension for WindowsStandalone target not found
Native extension for WebGL target not found
Refreshing native plugins compatible for Editor in 0.75 ms, found 3 plugins.
Preloading 0 native plugins for Editor in 0.00 ms.
Mono: successfully reloaded assembly
- Completed reload, in  0.913 seconds
Domain Reload Profiling:
	ReloadAssembly (913ms)
		BeginReloadAssembly (131ms)
			ExecutionOrderSort (0ms)
			DisableScriptedObjects (3ms)
			BackupInstance (0ms)
			ReleaseScriptingObjects (0ms)
			CreateAndSetChildDomain (33ms)
		EndReloadAssembly (693ms)
			LoadAssemblies (83ms)
			RebuildTransferFunctionScriptingTraits (0ms)
			SetupTypeCache (231ms)
			ReleaseScriptCaches (1ms)
			RebuildScriptCaches (39ms)
			SetupLoadedEditorAssemblies (311ms)
				LogAssemblyErrors (0ms)
				InitializePlatformSupportModulesInManaged (14ms)
				SetLoadedEditorAssemblies (0ms)
				RefreshPlugins (1ms)
				BeforeProcessingInitializeOnLoad (70ms)
				ProcessInitializeOnLoadAttributes (190ms)
				ProcessInitializeOnLoadMethodAttributes (27ms)
				AfterProcessingInitializeOnLoad (9ms)
				EditorAssembliesLoaded (0ms)
			ExecutionOrderSort2 (0ms)
			AwakeInstancesAfterBackupRestoration (5ms)
Platform modules already initialized, skipping
Refreshing native plugins compatible for Editor in 2.13 ms, found 3 plugins.
Preloading 0 native plugins for Editor in 0.00 ms.
Unloading 3745 Unused Serialized files (Serialized files now loaded: 0)
Unloading 21 unused Assets / (129.8 KB). Loaded Objects now: 4279.
Memory consumption went from 137.9 MB to 137.8 MB.
Total: 3.509000 ms (FindLiveObjects: 0.365000 ms CreateObjectMapping: 0.106000 ms MarkObjects: 2.909500 ms  DeleteObjects: 0.127400 ms)

AssetImportParameters requested are different than current active one (requested -> active):
  custom:video-decoder-ogg-theora: a1e56fd34408186e4bbccfd4996cb3dc -> 
  custom:container-muxer-webm: aa71ff27fc2769a1b78a27578f13a17b -> 
  custom:container-demuxer-webm: 4f35f7cbe854078d1ac9338744f61a02 -> 
  custom:video-encoder-webm-vp8: eb34c28f22e8b96e1ab97ce403110664 -> 
  custom:audio-encoder-webm-vorbis: bf7c407c2cedff20999df2af8eb42d56 -> 
  custom:framework-win-MediaFoundation: 216162199b28c13a410421893ffa2e32 -> 
  custom:container-demuxer-ogg: 62fdf1f143b41e24485cea50d1cbac27 -> 
  custom:video-decoder-webm-vp8: 9c59270c3fd7afecdb556c50c9e8de78 -> 
  custom:audio-decoder-ogg-vorbis: bf7c407c2cedff20999df2af8eb42d56 -> 
========================================================================
Received Prepare
Registering precompiled user dll's ...
Registered in 0.006115 seconds.
Begin MonoManager ReloadAssembly
Symbol file LoadedFromMemory doesn't match image C:\Users\Dan\Desktop\Upenn game\Library\PackageCache\com.unity.visualscripting@1.7.8\Editor\VisualScripting.Core\Dependencies\YamlDotNet\Unity.VisualScripting.YamlDotNet.dll
Symbol file LoadedFromMemory doesn't match image C:\Users\Dan\Desktop\Upenn game\Library\PackageCache\com.unity.visualscripting@1.7.8\Editor\VisualScripting.Core\Dependencies\DotNetZip\Unity.VisualScripting.IonicZip.dll
Native extension for WindowsStandalone target not found
Native extension for WebGL target not found
Refreshing native plugins compatible for Editor in 0.69 ms, found 3 plugins.
Preloading 0 native plugins for Editor in 0.00 ms.
Mono: successfully reloaded assembly
- Completed reload, in  0.909 seconds
Domain Reload Profiling:
	ReloadAssembly (910ms)
		BeginReloadAssembly (118ms)
			ExecutionOrderSort (0ms)
			DisableScriptedObjects (4ms)
			BackupInstance (0ms)
			ReleaseScriptingObjects (0ms)
			CreateAndSetChildDomain (31ms)
		EndReloadAssembly (702ms)
			LoadAssemblies (72ms)
			RebuildTransferFunctionScriptingTraits (0ms)
			SetupTypeCache (248ms)
			ReleaseScriptCaches (1ms)
			RebuildScriptCaches (37ms)
			SetupLoadedEditorAssemblies (305ms)
				LogAssemblyErrors (0ms)
				InitializePlatformSupportModulesInManaged (13ms)
				SetLoadedEditorAssemblies (0ms)
				RefreshPlugins (1ms)
				BeforeProcessingInitializeOnLoad (70ms)
				ProcessInitializeOnLoadAttributes (188ms)
				ProcessInitializeOnLoadMethodAttributes (24ms)
				AfterProcessingInitializeOnLoad (9ms)
				EditorAssembliesLoaded (0ms)
			ExecutionOrderSort2 (0ms)
			AwakeInstancesAfterBackupRestoration (5ms)
Platform modules already initialized, skipping
Refreshing native plugins compatible for Editor in 2.11 ms, found 3 plugins.
Preloading 0 native plugins for Editor in 0.00 ms.
Unloading 3745 Unused Serialized files (Serialized files now loaded: 0)
Unloading 21 unused Assets / (129.8 KB). Loaded Objects now: 4282.
Memory consumption went from 137.9 MB to 137.8 MB.
Total: 3.107200 ms (FindLiveObjects: 0.309700 ms CreateObjectMapping: 0.089000 ms MarkObjects: 2.596600 ms  DeleteObjects: 0.111100 ms)

AssetImportParameters requested are different than current active one (requested -> active):
  custom:video-decoder-ogg-theora: a1e56fd34408186e4bbccfd4996cb3dc -> 
  custom:container-muxer-webm: aa71ff27fc2769a1b78a27578f13a17b -> 
  custom:container-demuxer-webm: 4f35f7cbe854078d1ac9338744f61a02 -> 
  custom:video-encoder-webm-vp8: eb34c28f22e8b96e1ab97ce403110664 -> 
  custom:audio-encoder-webm-vorbis: bf7c407c2cedff20999df2af8eb42d56 -> 
  custom:framework-win-MediaFoundation: 216162199b28c13a410421893ffa2e32 -> 
  custom:container-demuxer-ogg: 62fdf1f143b41e24485cea50d1cbac27 -> 
  custom:video-decoder-webm-vp8: 9c59270c3fd7afecdb556c50c9e8de78 -> 
  custom:audio-decoder-ogg-vorbis: bf7c407c2cedff20999df2af8eb42d56 -> 
========================================================================
Received Import Request.
  Time since last request: 510.116267 seconds.
  path: Assets/Scripts/BasicMovement.cs
  artifactKey: Guid(8b866cbd46e12624abbdae58350e9d74) Importer(815301076,1909f56bfc062723c751e8b465ee728b)
Start importing Assets/Scripts/BasicMovement.cs using Guid(8b866cbd46e12624abbdae58350e9d74) Importer(815301076,1909f56bfc062723c751e8b465ee728b)  -> (artifact id: '11f7663ec47d5e70c9f2aefdbae47abd') in 0.010227 seconds 
========================================================================
Received Prepare
Registering precompiled user dll's ...
Registered in 0.006626 seconds.
Begin MonoManager ReloadAssembly
Symbol file LoadedFromMemory doesn't match image C:\Users\Dan\Desktop\Upenn game\Library\PackageCache\com.unity.visualscripting@1.7.8\Editor\VisualScripting.Core\Dependencies\YamlDotNet\Unity.VisualScripting.YamlDotNet.dll
Symbol file LoadedFromMemory doesn't match image C:\Users\Dan\Desktop\Upenn game\Library\PackageCache\com.unity.visualscripting@1.7.8\Editor\VisualScripting.Core\Dependencies\DotNetZip\Unity.VisualScripting.IonicZip.dll
Native extension for WindowsStandalone target not found
Native extension for WebGL target not found
Refreshing native plugins compatible for Editor in 0.71 ms, found 3 plugins.
Preloading 0 native plugins for Editor in 0.00 ms.
Mono: successfully reloaded assembly
- Completed reload, in  0.879 seconds
Domain Reload Profiling:
	ReloadAssembly (880ms)
		BeginReloadAssembly (130ms)
			ExecutionOrderSort (0ms)
			DisableScriptedObjects (4ms)
			BackupInstance (0ms)
			ReleaseScriptingObjects (0ms)
			CreateAndSetChildDomain (33ms)
		EndReloadAssembly (665ms)
			LoadAssemblies (81ms)
			RebuildTransferFunctionScriptingTraits (0ms)
			SetupTypeCache (224ms)
			ReleaseScriptCaches (1ms)
			RebuildScriptCaches (44ms)
			SetupLoadedEditorAssemblies (280ms)
				LogAssemblyErrors (0ms)
				InitializePlatformSupportModulesInManaged (12ms)
				SetLoadedEditorAssemblies (0ms)
				RefreshPlugins (1ms)
				BeforeProcessingInitializeOnLoad (66ms)
				ProcessInitializeOnLoadAttributes (173ms)
				ProcessInitializeOnLoadMethodAttributes (21ms)
				AfterProcessingInitializeOnLoad (7ms)
				EditorAssembliesLoaded (0ms)
			ExecutionOrderSort2 (0ms)
			AwakeInstancesAfterBackupRestoration (5ms)
Platform modules already initialized, skipping
Refreshing native plugins compatible for Editor in 1.79 ms, found 3 plugins.
Preloading 0 native plugins for Editor in 0.00 ms.
Unloading 3745 Unused Serialized files (Serialized files now loaded: 0)
Unloading 21 unused Assets / (129.8 KB). Loaded Objects now: 4285.
Memory consumption went from 137.9 MB to 137.8 MB.
Total: 2.737300 ms (FindLiveObjects: 0.265500 ms CreateObjectMapping: 0.085000 ms MarkObjects: 2.286400 ms  DeleteObjects: 0.099700 ms)

AssetImportParameters requested are different than current active one (requested -> active):
  custom:video-decoder-ogg-theora: a1e56fd34408186e4bbccfd4996cb3dc -> 
  custom:container-muxer-webm: aa71ff27fc2769a1b78a27578f13a17b -> 
  custom:container-demuxer-webm: 4f35f7cbe854078d1ac9338744f61a02 -> 
  custom:video-encoder-webm-vp8: eb34c28f22e8b96e1ab97ce403110664 -> 
  custom:audio-encoder-webm-vorbis: bf7c407c2cedff20999df2af8eb42d56 -> 
  custom:framework-win-MediaFoundation: 216162199b28c13a410421893ffa2e32 -> 
  custom:container-demuxer-ogg: 62fdf1f143b41e24485cea50d1cbac27 -> 
  custom:video-decoder-webm-vp8: 9c59270c3fd7afecdb556c50c9e8de78 -> 
  custom:audio-decoder-ogg-vorbis: bf7c407c2cedff20999df2af8eb42d56 -> 
========================================================================
Received Prepare
Registering precompiled user dll's ...
Registered in 0.006252 seconds.
Begin MonoManager ReloadAssembly
Symbol file LoadedFromMemory doesn't match image C:\Users\Dan\Desktop\Upenn game\Library\PackageCache\com.unity.visualscripting@1.7.8\Editor\VisualScripting.Core\Dependencies\YamlDotNet\Unity.VisualScripting.YamlDotNet.dll
Symbol file LoadedFromMemory doesn't match image C:\Users\Dan\Desktop\Upenn game\Library\PackageCache\com.unity.visualscripting@1.7.8\Editor\VisualScripting.Core\Dependencies\DotNetZip\Unity.VisualScripting.IonicZip.dll
Native extension for WindowsStandalone target not found
Native extension for WebGL target not found
Refreshing native plugins compatible for Editor in 1.01 ms, found 3 plugins.
Preloading 0 native plugins for Editor in 0.00 ms.
Mono: successfully reloaded assembly
- Completed reload, in  0.882 seconds
Domain Reload Profiling:
	ReloadAssembly (882ms)
		BeginReloadAssembly (118ms)
			ExecutionOrderSort (0ms)
			DisableScriptedObjects (4ms)
			BackupInstance (0ms)
			ReleaseScriptingObjects (0ms)
			CreateAndSetChildDomain (29ms)
		EndReloadAssembly (680ms)
			LoadAssemblies (80ms)
			RebuildTransferFunctionScriptingTraits (0ms)
			SetupTypeCache (220ms)
			ReleaseScriptCaches (1ms)
			RebuildScriptCaches (40ms)
			SetupLoadedEditorAssemblies (307ms)
				LogAssemblyErrors (0ms)
				InitializePlatformSupportModulesInManaged (15ms)
				SetLoadedEditorAssemblies (0ms)
				RefreshPlugins (1ms)
				BeforeProcessingInitializeOnLoad (68ms)
				ProcessInitializeOnLoadAttributes (190ms)
				ProcessInitializeOnLoadMethodAttributes (24ms)
				AfterProcessingInitializeOnLoad (9ms)
				EditorAssembliesLoaded (0ms)
			ExecutionOrderSort2 (0ms)
			AwakeInstancesAfterBackupRestoration (5ms)
Platform modules already initialized, skipping
Refreshing native plugins compatible for Editor in 1.94 ms, found 3 plugins.
Preloading 0 native plugins for Editor in 0.00 ms.
Unloading 3745 Unused Serialized files (Serialized files now loaded: 0)
Unloading 21 unused Assets / (137.3 KB). Loaded Objects now: 4288.
Memory consumption went from 138.0 MB to 137.8 MB.
Total: 3.113700 ms (FindLiveObjects: 0.337400 ms CreateObjectMapping: 0.096600 ms MarkObjects: 2.570100 ms  DeleteObjects: 0.108600 ms)

AssetImportParameters requested are different than current active one (requested -> active):
  custom:video-decoder-ogg-theora: a1e56fd34408186e4bbccfd4996cb3dc -> 
  custom:container-muxer-webm: aa71ff27fc2769a1b78a27578f13a17b -> 
  custom:container-demuxer-webm: 4f35f7cbe854078d1ac9338744f61a02 -> 
  custom:video-encoder-webm-vp8: eb34c28f22e8b96e1ab97ce403110664 -> 
  custom:audio-encoder-webm-vorbis: bf7c407c2cedff20999df2af8eb42d56 -> 
  custom:framework-win-MediaFoundation: 216162199b28c13a410421893ffa2e32 -> 
  custom:container-demuxer-ogg: 62fdf1f143b41e24485cea50d1cbac27 -> 
  custom:video-decoder-webm-vp8: 9c59270c3fd7afecdb556c50c9e8de78 -> 
  custom:audio-decoder-ogg-vorbis: bf7c407c2cedff20999df2af8eb42d56 -> 
========================================================================
Received Prepare
Registering precompiled user dll's ...
Registered in 0.006636 seconds.
Begin MonoManager ReloadAssembly
Symbol file LoadedFromMemory doesn't match image C:\Users\Dan\Desktop\Upenn game\Library\PackageCache\com.unity.visualscripting@1.7.8\Editor\VisualScripting.Core\Dependencies\YamlDotNet\Unity.VisualScripting.YamlDotNet.dll
Symbol file LoadedFromMemory doesn't match image C:\Users\Dan\Desktop\Upenn game\Library\PackageCache\com.unity.visualscripting@1.7.8\Editor\VisualScripting.Core\Dependencies\DotNetZip\Unity.VisualScripting.IonicZip.dll
Native extension for WindowsStandalone target not found
Native extension for WebGL target not found
Refreshing native plugins compatible for Editor in 0.80 ms, found 3 plugins.
Preloading 0 native plugins for Editor in 0.00 ms.
Mono: successfully reloaded assembly
- Completed reload, in  0.934 seconds
Domain Reload Profiling:
	ReloadAssembly (935ms)
		BeginReloadAssembly (125ms)
			ExecutionOrderSort (0ms)
			DisableScriptedObjects (5ms)
			BackupInstance (0ms)
			ReleaseScriptingObjects (0ms)
			CreateAndSetChildDomain (31ms)
		EndReloadAssembly (721ms)
			LoadAssemblies (79ms)
			RebuildTransferFunctionScriptingTraits (0ms)
			SetupTypeCache (252ms)
			ReleaseScriptCaches (1ms)
			RebuildScriptCaches (39ms)
			SetupLoadedEditorAssemblies (314ms)
				LogAssemblyErrors (0ms)
				InitializePlatformSupportModulesInManaged (14ms)
				SetLoadedEditorAssemblies (1ms)
				RefreshPlugins (1ms)
				BeforeProcessingInitializeOnLoad (76ms)
				ProcessInitializeOnLoadAttributes (187ms)
				ProcessInitializeOnLoadMethodAttributes (25ms)
				AfterProcessingInitializeOnLoad (10ms)
				EditorAssembliesLoaded (0ms)
			ExecutionOrderSort2 (0ms)
			AwakeInstancesAfterBackupRestoration (6ms)
Platform modules already initialized, skipping
Refreshing native plugins compatible for Editor in 1.97 ms, found 3 plugins.
Preloading 0 native plugins for Editor in 0.00 ms.
Unloading 3745 Unused Serialized files (Serialized files now loaded: 0)
Unloading 21 unused Assets / (122.2 KB). Loaded Objects now: 4291.
Memory consumption went from 137.9 MB to 137.8 MB.
Total: 3.070500 ms (FindLiveObjects: 0.302700 ms CreateObjectMapping: 0.088300 ms MarkObjects: 2.547800 ms  DeleteObjects: 0.130900 ms)

AssetImportParameters requested are different than current active one (requested -> active):
  custom:video-decoder-ogg-theora: a1e56fd34408186e4bbccfd4996cb3dc -> 
  custom:container-muxer-webm: aa71ff27fc2769a1b78a27578f13a17b -> 
  custom:container-demuxer-webm: 4f35f7cbe854078d1ac9338744f61a02 -> 
  custom:video-encoder-webm-vp8: eb34c28f22e8b96e1ab97ce403110664 -> 
  custom:audio-encoder-webm-vorbis: bf7c407c2cedff20999df2af8eb42d56 -> 
  custom:framework-win-MediaFoundation: 216162199b28c13a410421893ffa2e32 -> 
  custom:container-demuxer-ogg: 62fdf1f143b41e24485cea50d1cbac27 -> 
  custom:video-decoder-webm-vp8: 9c59270c3fd7afecdb556c50c9e8de78 -> 
  custom:audio-decoder-ogg-vorbis: bf7c407c2cedff20999df2af8eb42d56 -> 
========================================================================
Received Import Request.
  Time since last request: 131.524693 seconds.
  path: Assets/Prefabs/Enemy.prefab
  artifactKey: Guid(34194d365796375458f0873605e04c34) Importer(815301076,1909f56bfc062723c751e8b465ee728b)
Start importing Assets/Prefabs/Enemy.prefab using Guid(34194d365796375458f0873605e04c34) Importer(815301076,1909f56bfc062723c751e8b465ee728b)  -> (artifact id: '8cad3f85223a0b8cd337862426722a3f') in 0.058692 seconds 
========================================================================
Received Import Request.
  Time since last request: 14.148516 seconds.
  path: Assets/Prefabs/Enemy.prefab
  artifactKey: Guid(34194d365796375458f0873605e04c34) Importer(815301076,1909f56bfc062723c751e8b465ee728b)
Start importing Assets/Prefabs/Enemy.prefab using Guid(34194d365796375458f0873605e04c34) Importer(815301076,1909f56bfc062723c751e8b465ee728b)  -> (artifact id: 'e85a5c0e0e6d228e37317dc3c14c903e') in 0.010998 seconds 
========================================================================
Received Import Request.
  Time since last request: 4.296822 seconds.
  path: Assets/Prefabs/Enemy.prefab
  artifactKey: Guid(34194d365796375458f0873605e04c34) Importer(815301076,1909f56bfc062723c751e8b465ee728b)
Start importing Assets/Prefabs/Enemy.prefab using Guid(34194d365796375458f0873605e04c34) Importer(815301076,1909f56bfc062723c751e8b465ee728b)  -> (artifact id: 'd0eeca108c5e585a686be765c46467a9') in 0.013410 seconds 
========================================================================
Received Import Request.
  Time since last request: 3.402551 seconds.
  path: Assets/Prefabs/Enemy.prefab
  artifactKey: Guid(34194d365796375458f0873605e04c34) Importer(815301076,1909f56bfc062723c751e8b465ee728b)
Start importing Assets/Prefabs/Enemy.prefab using Guid(34194d365796375458f0873605e04c34) Importer(815301076,1909f56bfc062723c751e8b465ee728b)  -> (artifact id: 'a14fa9b05b69e6373458cd0286b656e6') in 0.008658 seconds 
========================================================================
Received Import Request.
  Time since last request: 0.587751 seconds.
  path: Assets/Prefabs/Enemy.prefab
  artifactKey: Guid(34194d365796375458f0873605e04c34) Importer(815301076,1909f56bfc062723c751e8b465ee728b)
Start importing Assets/Prefabs/Enemy.prefab using Guid(34194d365796375458f0873605e04c34) Importer(815301076,1909f56bfc062723c751e8b465ee728b)  -> (artifact id: '87456f5bacf61dd76edd54e1d08eab1a') in 0.010872 seconds 
========================================================================
Received Import Request.
  Time since last request: 0.593459 seconds.
  path: Assets/Prefabs/Enemy.prefab
  artifactKey: Guid(34194d365796375458f0873605e04c34) Importer(815301076,1909f56bfc062723c751e8b465ee728b)
Start importing Assets/Prefabs/Enemy.prefab using Guid(34194d365796375458f0873605e04c34) Importer(815301076,1909f56bfc062723c751e8b465ee728b)  -> (artifact id: 'fd8758074ea426f1e9b3a991a7c639f9') in 0.008860 seconds 
========================================================================
Received Import Request.
  Time since last request: 11.678570 seconds.
  path: Assets/Prefabs/Enemy.prefab
  artifactKey: Guid(34194d365796375458f0873605e04c34) Importer(815301076,1909f56bfc062723c751e8b465ee728b)
Start importing Assets/Prefabs/Enemy.prefab using Guid(34194d365796375458f0873605e04c34) Importer(815301076,1909f56bfc062723c751e8b465ee728b)  -> (artifact id: '14073d29949223d63862062584d8399b') in 0.008379 seconds 
========================================================================
Received Prepare
Registering precompiled user dll's ...
Registered in 0.005158 seconds.
Begin MonoManager ReloadAssembly
Symbol file LoadedFromMemory doesn't match image C:\Users\Dan\Desktop\Upenn game\Library\PackageCache\com.unity.visualscripting@1.7.8\Editor\VisualScripting.Core\Dependencies\YamlDotNet\Unity.VisualScripting.YamlDotNet.dll
Symbol file LoadedFromMemory doesn't match image C:\Users\Dan\Desktop\Upenn game\Library\PackageCache\com.unity.visualscripting@1.7.8\Editor\VisualScripting.Core\Dependencies\DotNetZip\Unity.VisualScripting.IonicZip.dll
Native extension for WindowsStandalone target not found
Native extension for WebGL target not found
Refreshing native plugins compatible for Editor in 0.82 ms, found 3 plugins.
Preloading 0 native plugins for Editor in 0.00 ms.
Mono: successfully reloaded assembly
- Completed reload, in  0.972 seconds
Domain Reload Profiling:
	ReloadAssembly (973ms)
		BeginReloadAssembly (133ms)
			ExecutionOrderSort (0ms)
			DisableScriptedObjects (4ms)
			BackupInstance (0ms)
			ReleaseScriptingObjects (0ms)
			CreateAndSetChildDomain (31ms)
		EndReloadAssembly (753ms)
			LoadAssemblies (99ms)
			RebuildTransferFunctionScriptingTraits (0ms)
			SetupTypeCache (265ms)
			ReleaseScriptCaches (1ms)
			RebuildScriptCaches (38ms)
			SetupLoadedEditorAssemblies (323ms)
				LogAssemblyErrors (0ms)
				InitializePlatformSupportModulesInManaged (15ms)
				SetLoadedEditorAssemblies (0ms)
				RefreshPlugins (1ms)
				BeforeProcessingInitializeOnLoad (70ms)
				ProcessInitializeOnLoadAttributes (199ms)
				ProcessInitializeOnLoadMethodAttributes (27ms)
				AfterProcessingInitializeOnLoad (10ms)
				EditorAssembliesLoaded (0ms)
			ExecutionOrderSort2 (0ms)
			AwakeInstancesAfterBackupRestoration (6ms)
Platform modules already initialized, skipping
Refreshing native plugins compatible for Editor in 2.12 ms, found 3 plugins.
Preloading 0 native plugins for Editor in 0.00 ms.
Unloading 3745 Unused Serialized files (Serialized files now loaded: 0)
Unloading 21 unused Assets / (129.8 KB). Loaded Objects now: 4294.
Memory consumption went from 138.0 MB to 137.9 MB.
Total: 3.649600 ms (FindLiveObjects: 0.336800 ms CreateObjectMapping: 0.080000 ms MarkObjects: 3.089800 ms  DeleteObjects: 0.141800 ms)

AssetImportParameters requested are different than current active one (requested -> active):
  custom:video-decoder-ogg-theora: a1e56fd34408186e4bbccfd4996cb3dc -> 
  custom:container-muxer-webm: aa71ff27fc2769a1b78a27578f13a17b -> 
  custom:container-demuxer-webm: 4f35f7cbe854078d1ac9338744f61a02 -> 
  custom:video-encoder-webm-vp8: eb34c28f22e8b96e1ab97ce403110664 -> 
  custom:audio-encoder-webm-vorbis: bf7c407c2cedff20999df2af8eb42d56 -> 
  custom:framework-win-MediaFoundation: 216162199b28c13a410421893ffa2e32 -> 
  custom:container-demuxer-ogg: 62fdf1f143b41e24485cea50d1cbac27 -> 
  custom:video-decoder-webm-vp8: 9c59270c3fd7afecdb556c50c9e8de78 -> 
  custom:audio-decoder-ogg-vorbis: bf7c407c2cedff20999df2af8eb42d56 -> 
========================================================================
Received Import Request.
  Time since last request: 50.780082 seconds.
  path: Assets/Rocks/Prefabs/rock_01.prefab
  artifactKey: Guid(c6e26f473e3198348b7444143bdfcdba) Importer(815301076,1909f56bfc062723c751e8b465ee728b)
Start importing Assets/Rocks/Prefabs/rock_01.prefab using Guid(c6e26f473e3198348b7444143bdfcdba) Importer(815301076,1909f56bfc062723c751e8b465ee728b)  -> (artifact id: '704b5f44db644bdf7eb65f2ce2f5b560') in 0.123426 seconds 
========================================================================
Received Import Request.
  Time since last request: 0.000053 seconds.
  path: Assets/Rocks/Prefabs/rock_14.prefab
  artifactKey: Guid(bcd93aa799657b142b8c1e9bafa30130) Importer(815301076,1909f56bfc062723c751e8b465ee728b)
Start importing Assets/Rocks/Prefabs/rock_14.prefab using Guid(bcd93aa799657b142b8c1e9bafa30130) Importer(815301076,1909f56bfc062723c751e8b465ee728b)  -> (artifact id: 'f9ac6cb1164a05bf5f7779ac966401b7') in 0.026711 seconds 
========================================================================
Received Import Request.
  Time since last request: 0.000039 seconds.
  path: Assets/Rocks/Prefabs/rock_19.prefab
  artifactKey: Guid(7dc2b1f19ad5c22418d6eb516e771ca6) Importer(815301076,1909f56bfc062723c751e8b465ee728b)
Start importing Assets/Rocks/Prefabs/rock_19.prefab using Guid(7dc2b1f19ad5c22418d6eb516e771ca6) Importer(815301076,1909f56bfc062723c751e8b465ee728b)  -> (artifact id: 'f2e5706604c1490ad50cd15887f1d0d9') in 0.023755 seconds 
========================================================================
Received Import Request.
  Time since last request: 0.000038 seconds.
  path: Assets/Rocks/Prefabs/rock_13.prefab
  artifactKey: Guid(a3d85f88e3c620a479ed68264bc700e9) Importer(815301076,1909f56bfc062723c751e8b465ee728b)
Start importing Assets/Rocks/Prefabs/rock_13.prefab using Guid(a3d85f88e3c620a479ed68264bc700e9) Importer(815301076,1909f56bfc062723c751e8b465ee728b)  -> (artifact id: 'e270225eec272dad25bff320b1185563') in 0.023270 seconds 
========================================================================
Received Import Request.
  Time since last request: 0.000051 seconds.
  path: Assets/Rocks/Prefabs/rock_07.prefab
  artifactKey: Guid(17fc4cd0e02606945bb089e9742a0b52) Importer(815301076,1909f56bfc062723c751e8b465ee728b)
Start importing Assets/Rocks/Prefabs/rock_07.prefab using Guid(17fc4cd0e02606945bb089e9742a0b52) Importer(815301076,1909f56bfc062723c751e8b465ee728b)  -> (artifact id: 'fc4791268a8c4ac8bd584ac31950733e') in 0.021377 seconds 
========================================================================
Received Import Request.
  Time since last request: 0.000020 seconds.
  path: Assets/Rocks/Prefabs/rock_20.prefab
  artifactKey: Guid(f44d40127c1722f4e8b02b6e23daa854) Importer(815301076,1909f56bfc062723c751e8b465ee728b)
Start importing Assets/Rocks/Prefabs/rock_20.prefab using Guid(f44d40127c1722f4e8b02b6e23daa854) Importer(815301076,1909f56bfc062723c751e8b465ee728b)  -> (artifact id: '04d4eb9099679072faa4e6f4624a26e9') in 0.021227 seconds 
========================================================================
Received Import Request.
  Time since last request: 0.000019 seconds.
  path: Assets/Rocks/Prefabs/rock_24.prefab
  artifactKey: Guid(eb78b2299a27a13458de8c0b1957d9f4) Importer(815301076,1909f56bfc062723c751e8b465ee728b)
Start importing Assets/Rocks/Prefabs/rock_24.prefab using Guid(eb78b2299a27a13458de8c0b1957d9f4) Importer(815301076,1909f56bfc062723c751e8b465ee728b)  -> (artifact id: '22ae997a7898feb03b5cb6f142bbf1d0') in 0.058694 seconds 
========================================================================
Received Import Request.
  Time since last request: 0.000028 seconds.
  path: Assets/Rocks/Prefabs/rock_26.prefab
  artifactKey: Guid(5fabefdf9a0dec9418cd807863d7e191) Importer(815301076,1909f56bfc062723c751e8b465ee728b)
Start importing Assets/Rocks/Prefabs/rock_26.prefab using Guid(5fabefdf9a0dec9418cd807863d7e191) Importer(815301076,1909f56bfc062723c751e8b465ee728b)  -> (artifact id: '3ea1d1f69c54a4b5f61e90b44099403d') in 0.036790 seconds 
========================================================================
Received Import Request.
  Time since last request: 0.000023 seconds.
  path: Assets/Rocks/Prefabs/rock_22.prefab
  artifactKey: Guid(6049ce61a0801a24aa149aa5a2b4284d) Importer(815301076,1909f56bfc062723c751e8b465ee728b)
Start importing Assets/Rocks/Prefabs/rock_22.prefab using Guid(6049ce61a0801a24aa149aa5a2b4284d) Importer(815301076,1909f56bfc062723c751e8b465ee728b)  -> (artifact id: '955e7a70a2cb435b0c365064a20919d3') in 0.027670 seconds 
========================================================================
Received Import Request.
  Time since last request: 0.000021 seconds.
  path: Assets/Rocks/Prefabs/rock_08.prefab
  artifactKey: Guid(3bb6b192d6030bf46a3c7e1d3f9d5da9) Importer(815301076,1909f56bfc062723c751e8b465ee728b)
Start importing Assets/Rocks/Prefabs/rock_08.prefab using Guid(3bb6b192d6030bf46a3c7e1d3f9d5da9) Importer(815301076,1909f56bfc062723c751e8b465ee728b)  -> (artifact id: '3984edf5b37e9173b05eb74a4e014c2e') in 0.019377 seconds 
========================================================================
Received Import Request.
  Time since last request: 0.000035 seconds.
  path: Assets/Rocks/Prefabs/rock_27.prefab
  artifactKey: Guid(afef2318e5e9b5c438b4fe2daf817d4d) Importer(815301076,1909f56bfc062723c751e8b465ee728b)
Start importing Assets/Rocks/Prefabs/rock_27.prefab using Guid(afef2318e5e9b5c438b4fe2daf817d4d) Importer(815301076,1909f56bfc062723c751e8b465ee728b)  -> (artifact id: 'ef28223b28b55893f1f0f79c96444efd') in 0.019139 seconds 
========================================================================
Received Import Request.
  Time since last request: 0.000047 seconds.
  path: Assets/Rocks/Prefabs/rock_12.prefab
  artifactKey: Guid(0af13199ff248f247a980f64e382c9bc) Importer(815301076,1909f56bfc062723c751e8b465ee728b)
Start importing Assets/Rocks/Prefabs/rock_12.prefab using Guid(0af13199ff248f247a980f64e382c9bc) Importer(815301076,1909f56bfc062723c751e8b465ee728b)  -> (artifact id: 'deef69fd2c77ac10f7918c3e843938f8') in 0.036193 seconds 
========================================================================
Received Import Request.
  Time since last request: 0.000017 seconds.
  path: Assets/Rocks/Prefabs/rock_17.prefab
  artifactKey: Guid(d644590ea7b73c643a7adff38c76be77) Importer(815301076,1909f56bfc062723c751e8b465ee728b)
Start importing Assets/Rocks/Prefabs/rock_17.prefab using Guid(d644590ea7b73c643a7adff38c76be77) Importer(815301076,1909f56bfc062723c751e8b465ee728b)  -> (artifact id: 'addee413e73112aec4ed36925f19264a') in 0.019802 seconds 
========================================================================
Received Import Request.
  Time since last request: 0.000023 seconds.
  path: Assets/Rocks/Prefabs/rock_23.prefab
  artifactKey: Guid(91edabcd5d4579541afee0652619b5ae) Importer(815301076,1909f56bfc062723c751e8b465ee728b)
Start importing Assets/Rocks/Prefabs/rock_23.prefab using Guid(91edabcd5d4579541afee0652619b5ae) Importer(815301076,1909f56bfc062723c751e8b465ee728b)  -> (artifact id: 'b99cff96acd01da756b2f2552f311f14') in 0.015266 seconds 
========================================================================
Received Import Request.
  Time since last request: 0.000019 seconds.
  path: Assets/Rocks/Prefabs/rock_10.prefab
  artifactKey: Guid(be922402f1c79be45b99ac4a8235b991) Importer(815301076,1909f56bfc062723c751e8b465ee728b)
Start importing Assets/Rocks/Prefabs/rock_10.prefab using Guid(be922402f1c79be45b99ac4a8235b991) Importer(815301076,1909f56bfc062723c751e8b465ee728b)  -> (artifact id: '3af6023aeb77b5c38b9322c96d5d7971') in 0.018402 seconds 
========================================================================
Received Import Request.
  Time since last request: 3.483480 seconds.
  path: Assets/Prefabs/Enemy.prefab
  artifactKey: Guid(34194d365796375458f0873605e04c34) Importer(815301076,1909f56bfc062723c751e8b465ee728b)
Start importing Assets/Prefabs/Enemy.prefab using Guid(34194d365796375458f0873605e04c34) Importer(815301076,1909f56bfc062723c751e8b465ee728b)  -> (artifact id: '32c2e2fb909da8927310ce7adbd7e23b') in 0.009656 seconds 
========================================================================
Received Import Request.
  Time since last request: 8.207421 seconds.
  path: Assets/Prefabs/Enemy.prefab
  artifactKey: Guid(34194d365796375458f0873605e04c34) Importer(815301076,1909f56bfc062723c751e8b465ee728b)
Start importing Assets/Prefabs/Enemy.prefab using Guid(34194d365796375458f0873605e04c34) Importer(815301076,1909f56bfc062723c751e8b465ee728b)  -> (artifact id: '31ddccd81717ca741235e12c3854d4f4') in 0.011572 seconds 
========================================================================
Received Prepare
Registering precompiled user dll's ...
Registered in 0.006128 seconds.
Begin MonoManager ReloadAssembly
Symbol file LoadedFromMemory doesn't match image C:\Users\Dan\Desktop\Upenn game\Library\PackageCache\com.unity.visualscripting@1.7.8\Editor\VisualScripting.Core\Dependencies\YamlDotNet\Unity.VisualScripting.YamlDotNet.dll
Symbol file LoadedFromMemory doesn't match image C:\Users\Dan\Desktop\Upenn game\Library\PackageCache\com.unity.visualscripting@1.7.8\Editor\VisualScripting.Core\Dependencies\DotNetZip\Unity.VisualScripting.IonicZip.dll
Native extension for WindowsStandalone target not found
Native extension for WebGL target not found
Refreshing native plugins compatible for Editor in 1.27 ms, found 3 plugins.
Preloading 0 native plugins for Editor in 0.00 ms.
Mono: successfully reloaded assembly
- Completed reload, in  1.063 seconds
Domain Reload Profiling:
	ReloadAssembly (1064ms)
		BeginReloadAssembly (140ms)
			ExecutionOrderSort (0ms)
			DisableScriptedObjects (4ms)
			BackupInstance (0ms)
			ReleaseScriptingObjects (0ms)
			CreateAndSetChildDomain (38ms)
		EndReloadAssembly (825ms)
			LoadAssemblies (97ms)
			RebuildTransferFunctionScriptingTraits (0ms)
			SetupTypeCache (285ms)
			ReleaseScriptCaches (2ms)
			RebuildScriptCaches (43ms)
			SetupLoadedEditorAssemblies (363ms)
				LogAssemblyErrors (0ms)
				InitializePlatformSupportModulesInManaged (16ms)
				SetLoadedEditorAssemblies (1ms)
				RefreshPlugins (1ms)
				BeforeProcessingInitializeOnLoad (86ms)
				ProcessInitializeOnLoadAttributes (216ms)
				ProcessInitializeOnLoadMethodAttributes (29ms)
				AfterProcessingInitializeOnLoad (13ms)
				EditorAssembliesLoaded (0ms)
			ExecutionOrderSort2 (0ms)
			AwakeInstancesAfterBackupRestoration (6ms)
Platform modules already initialized, skipping
Refreshing native plugins compatible for Editor in 3.69 ms, found 3 plugins.
Preloading 0 native plugins for Editor in 0.00 ms.
Unloading 3745 Unused Serialized files (Serialized files now loaded: 0)
Unloading 21 unused Assets / (122.4 KB). Loaded Objects now: 4297.
Memory consumption went from 138.0 MB to 137.9 MB.
Total: 5.625000 ms (FindLiveObjects: 0.651000 ms CreateObjectMapping: 0.121100 ms MarkObjects: 4.635100 ms  DeleteObjects: 0.216600 ms)

AssetImportParameters requested are different than current active one (requested -> active):
  custom:video-decoder-ogg-theora: a1e56fd34408186e4bbccfd4996cb3dc -> 
  custom:container-muxer-webm: aa71ff27fc2769a1b78a27578f13a17b -> 
  custom:container-demuxer-webm: 4f35f7cbe854078d1ac9338744f61a02 -> 
  custom:video-encoder-webm-vp8: eb34c28f22e8b96e1ab97ce403110664 -> 
  custom:audio-encoder-webm-vorbis: bf7c407c2cedff20999df2af8eb42d56 -> 
  custom:framework-win-MediaFoundation: 216162199b28c13a410421893ffa2e32 -> 
  custom:container-demuxer-ogg: 62fdf1f143b41e24485cea50d1cbac27 -> 
  custom:video-decoder-webm-vp8: 9c59270c3fd7afecdb556c50c9e8de78 -> 
  custom:audio-decoder-ogg-vorbis: bf7c407c2cedff20999df2af8eb42d56 -> 
========================================================================
Received Import Request.
  Time since last request: 106.365044 seconds.
  path: Assets/Prefabs/Gestapo-0.png
  artifactKey: Guid(f2f7b091287233c4a8b035eb5c13bcaf) Importer(815301076,1909f56bfc062723c751e8b465ee728b)
Start importing Assets/Prefabs/Gestapo-0.png using Guid(f2f7b091287233c4a8b035eb5c13bcaf) Importer(815301076,1909f56bfc062723c751e8b465ee728b)  -> (artifact id: '784c031209debdfb3cb423fea50b0efa') in 0.033377 seconds 
========================================================================
Received Import Request.
  Time since last request: 19.879247 seconds.
  path: Assets/Prefabs/big gestapo.mat
  artifactKey: Guid(0595c153e89fa51408f583ac02696cac) Importer(815301076,1909f56bfc062723c751e8b465ee728b)
Start importing Assets/Prefabs/big gestapo.mat using Guid(0595c153e89fa51408f583ac02696cac) Importer(815301076,1909f56bfc062723c751e8b465ee728b)  -> (artifact id: 'f0581c2595630546718abefb3cdd477e') in 0.039945 seconds 
========================================================================
Received Import Request.
  Time since last request: 18.240501 seconds.
  path: Assets/Prefabs/Big Enemy.prefab
  artifactKey: Guid(a89605b0f16e51243a529b90f27a6224) Importer(815301076,1909f56bfc062723c751e8b465ee728b)
Start importing Assets/Prefabs/Big Enemy.prefab using Guid(a89605b0f16e51243a529b90f27a6224) Importer(815301076,1909f56bfc062723c751e8b465ee728b)  -> (artifact id: '552a1ef707e13951534572f59fd4e95d') in 0.023566 seconds 
========================================================================
Received Import Request.
  Time since last request: 14.066583 seconds.
  path: Assets/Prefabs/Big Enemy.prefab
  artifactKey: Guid(a89605b0f16e51243a529b90f27a6224) Importer(815301076,1909f56bfc062723c751e8b465ee728b)
Start importing Assets/Prefabs/Big Enemy.prefab using Guid(a89605b0f16e51243a529b90f27a6224) Importer(815301076,1909f56bfc062723c751e8b465ee728b)  -> (artifact id: '16031a7a2db2abd0528038d1b5d4b4fe') in 0.012447 seconds 
========================================================================
Received Import Request.
  Time since last request: 3.003191 seconds.
  path: Assets/Prefabs/Big Enemy.prefab
  artifactKey: Guid(a89605b0f16e51243a529b90f27a6224) Importer(815301076,1909f56bfc062723c751e8b465ee728b)
Start importing Assets/Prefabs/Big Enemy.prefab using Guid(a89605b0f16e51243a529b90f27a6224) Importer(815301076,1909f56bfc062723c751e8b465ee728b)  -> (artifact id: '44c2f767a244856541e38ad19736e4ae') in 0.015060 seconds 
========================================================================
Received Import Request.
  Time since last request: 11.453530 seconds.
  path: Assets/Prefabs/Big Enemy.prefab
  artifactKey: Guid(a89605b0f16e51243a529b90f27a6224) Importer(815301076,1909f56bfc062723c751e8b465ee728b)
Start importing Assets/Prefabs/Big Enemy.prefab using Guid(a89605b0f16e51243a529b90f27a6224) Importer(815301076,1909f56bfc062723c751e8b465ee728b)  -> (artifact id: '27a90a7198c1f2acb610bb0b1262e17f') in 0.009264 seconds 
========================================================================
Received Import Request.
  Time since last request: 2.423669 seconds.
  path: Assets/Prefabs/Big Enemy.prefab
  artifactKey: Guid(a89605b0f16e51243a529b90f27a6224) Importer(815301076,1909f56bfc062723c751e8b465ee728b)
Start importing Assets/Prefabs/Big Enemy.prefab using Guid(a89605b0f16e51243a529b90f27a6224) Importer(815301076,1909f56bfc062723c751e8b465ee728b)  -> (artifact id: 'c09667c04263acb59cf260c9a1ed0bd1') in 0.010224 seconds 
========================================================================
Received Import Request.
  Time since last request: 6.212203 seconds.
  path: Assets/Prefabs/Big Enemy.prefab
  artifactKey: Guid(a89605b0f16e51243a529b90f27a6224) Importer(815301076,1909f56bfc062723c751e8b465ee728b)
Start importing Assets/Prefabs/Big Enemy.prefab using Guid(a89605b0f16e51243a529b90f27a6224) Importer(815301076,1909f56bfc062723c751e8b465ee728b)  -> (artifact id: '86f492595e0723904a6b74f8e6b21934') in 0.008254 seconds 
========================================================================
Received Import Request.
  Time since last request: 15.490650 seconds.
  path: Assets/Prefabs/Big Enemy.prefab
  artifactKey: Guid(a89605b0f16e51243a529b90f27a6224) Importer(815301076,1909f56bfc062723c751e8b465ee728b)
Start importing Assets/Prefabs/Big Enemy.prefab using Guid(a89605b0f16e51243a529b90f27a6224) Importer(815301076,1909f56bfc062723c751e8b465ee728b)  -> (artifact id: 'c64f4c74024b8e4405df7d2b7920cd8f') in 0.007462 seconds 
========================================================================
Received Import Request.
  Time since last request: 4619.301509 seconds.
  path: Assets/Prefabs/big gestapo.mat
  artifactKey: Guid(0595c153e89fa51408f583ac02696cac) Importer(815301076,1909f56bfc062723c751e8b465ee728b)
Start importing Assets/Prefabs/big gestapo.mat using Guid(0595c153e89fa51408f583ac02696cac) Importer(815301076,1909f56bfc062723c751e8b465ee728b)  -> (artifact id: '314f7f6b5d7a1a1ba62d55d3ed5f509d') in 0.070801 seconds 
