Using pre-set license
Built from '2021.3/staging' branch; Version is '2021.3.8f1 (b30333d56e81) revision 11731763'; Using compiler version '192829333'; Build Type 'Release'
OS: 'Windows 10  (10.0.19044) 64bit Core' Language: 'en' Physical Memory: 16327 MB
BatchMode: 1, IsHumanControllingUs: 0, StartBugReporterOnCrash: 0, Is64bit: 1, IsPro: 1

COMMAND LINE ARGUMENTS:
C:\Program Files\Unity\Hub\Editor\2021.3.8f1\Editor\Unity.exe
-adb2
-batchMode
-noUpm
-name
AssetImportWorker2
-projectPath
C:/Users/Dan/Desktop/Upenn game
-logFile
Logs/AssetImportWorker2.log
-srvPort
62901
Successfully changed project path to: C:/Users/Dan/Desktop/Upenn game
C:/Users/Dan/Desktop/Upenn game
[UnityMemory] Configuration Parameters - Can be set up in boot.config
    "memorysetup-bucket-allocator-granularity=16"
    "memorysetup-bucket-allocator-bucket-count=8"
    "memorysetup-bucket-allocator-block-size=33554432"
    "memorysetup-bucket-allocator-block-count=8"
    "memorysetup-main-allocator-block-size=16777216"
    "memorysetup-thread-allocator-block-size=16777216"
    "memorysetup-gfx-main-allocator-block-size=16777216"
    "memorysetup-gfx-thread-allocator-block-size=16777216"
    "memorysetup-cache-allocator-block-size=4194304"
    "memorysetup-typetree-allocator-block-size=2097152"
    "memorysetup-profiler-bucket-allocator-granularity=16"
    "memorysetup-profiler-bucket-allocator-bucket-count=8"
    "memorysetup-profiler-bucket-allocator-block-size=33554432"
    "memorysetup-profiler-bucket-allocator-block-count=8"
    "memorysetup-profiler-allocator-block-size=16777216"
    "memorysetup-profiler-editor-allocator-block-size=1048576"
    "memorysetup-temp-allocator-size-main=16777216"
    "memorysetup-job-temp-allocator-block-size=2097152"
    "memorysetup-job-temp-allocator-block-size-background=1048576"
    "memorysetup-job-temp-allocator-reduction-small-platforms=262144"
    "memorysetup-temp-allocator-size-background-worker=32768"
    "memorysetup-temp-allocator-size-job-worker=262144"
    "memorysetup-temp-allocator-size-preload-manager=33554432"
    "memorysetup-temp-allocator-size-nav-mesh-worker=65536"
    "memorysetup-temp-allocator-size-audio-worker=65536"
    "memorysetup-temp-allocator-size-cloud-worker=32768"
    "memorysetup-temp-allocator-size-gi-baking-worker=262144"
    "memorysetup-temp-allocator-size-gfx=262144"
Refreshing native plugins compatible for Editor in 81.88 ms, found 3 plugins.
Preloading 0 native plugins for Editor in 0.00 ms.
Initialize engine version: 2021.3.8f1 (b30333d56e81)
[Subsystems] Discovering subsystems at path C:/Program Files/Unity/Hub/Editor/2021.3.8f1/Editor/Data/Resources/UnitySubsystems
[Subsystems] Discovering subsystems at path C:/Users/Dan/Desktop/Upenn game/Assets
GfxDevice: creating device client; threaded=0; jobified=0
Direct3D:
    Version:  Direct3D 11.0 [level 11.1]
    Renderer: NVIDIA GeForce RTX 2070 SUPER (ID=0x1e84)
    Vendor:   NVIDIA
    VRAM:     8011 MB
    Driver:   31.0.15.1694
Initialize mono
Mono path[0] = 'C:/Program Files/Unity/Hub/Editor/2021.3.8f1/Editor/Data/Managed'
Mono path[1] = 'C:/Program Files/Unity/Hub/Editor/2021.3.8f1/Editor/Data/MonoBleedingEdge/lib/mono/unityjit-win32'
Mono config path = 'C:/Program Files/Unity/Hub/Editor/2021.3.8f1/Editor/Data/MonoBleedingEdge/etc'
Using monoOptions --debugger-agent=transport=dt_socket,embedding=1,server=y,suspend=n,address=127.0.0.1:56852
Begin MonoManager ReloadAssembly
Registering precompiled unity dll's ...
Register platform support module: C:/Program Files/Unity/Hub/Editor/2021.3.8f1/Editor/Data/PlaybackEngines/WebGLSupport/UnityEditor.WebGL.Extensions.dll
Register platform support module: C:/Program Files/Unity/Hub/Editor/2021.3.8f1/Editor/Data/PlaybackEngines/WindowsStandaloneSupport/UnityEditor.WindowsStandalone.Extensions.dll
Registered in 0.009536 seconds.
Native extension for WindowsStandalone target not found
Native extension for WebGL target not found
Refreshing native plugins compatible for Editor in 79.17 ms, found 3 plugins.
Preloading 0 native plugins for Editor in 0.00 ms.
Mono: successfully reloaded assembly
- Completed reload, in  0.569 seconds
Domain Reload Profiling:
	ReloadAssembly (569ms)
		BeginReloadAssembly (70ms)
			ExecutionOrderSort (0ms)
			DisableScriptedObjects (0ms)
			BackupInstance (0ms)
			ReleaseScriptingObjects (0ms)
			CreateAndSetChildDomain (1ms)
		EndReloadAssembly (391ms)
			LoadAssemblies (68ms)
			RebuildTransferFunctionScriptingTraits (0ms)
			SetupTypeCache (87ms)
			ReleaseScriptCaches (0ms)
			RebuildScriptCaches (23ms)
			SetupLoadedEditorAssemblies (237ms)
				LogAssemblyErrors (0ms)
				InitializePlatformSupportModulesInManaged (8ms)
				SetLoadedEditorAssemblies (0ms)
				RefreshPlugins (79ms)
				BeforeProcessingInitializeOnLoad (1ms)
				ProcessInitializeOnLoadAttributes (113ms)
				ProcessInitializeOnLoadMethodAttributes (35ms)
				AfterProcessingInitializeOnLoad (0ms)
				EditorAssembliesLoaded (0ms)
			ExecutionOrderSort2 (0ms)
			AwakeInstancesAfterBackupRestoration (0ms)
Platform modules already initialized, skipping
Registering precompiled user dll's ...
Registered in 0.006873 seconds.
Begin MonoManager ReloadAssembly
Symbol file LoadedFromMemory doesn't match image C:\Users\Dan\Desktop\Upenn game\Library\PackageCache\com.unity.visualscripting@1.7.8\Editor\VisualScripting.Core\Dependencies\YamlDotNet\Unity.VisualScripting.YamlDotNet.dll
Symbol file LoadedFromMemory doesn't match image C:\Users\Dan\Desktop\Upenn game\Library\PackageCache\com.unity.visualscripting@1.7.8\Editor\VisualScripting.Core\Dependencies\DotNetZip\Unity.VisualScripting.IonicZip.dll
Native extension for WindowsStandalone target not found
Native extension for WebGL target not found
Refreshing native plugins compatible for Editor in 0.68 ms, found 3 plugins.
Preloading 0 native plugins for Editor in 0.00 ms.
Mono: successfully reloaded assembly
- Completed reload, in  0.916 seconds
Domain Reload Profiling:
	ReloadAssembly (917ms)
		BeginReloadAssembly (102ms)
			ExecutionOrderSort (0ms)
			DisableScriptedObjects (5ms)
			BackupInstance (0ms)
			ReleaseScriptingObjects (0ms)
			CreateAndSetChildDomain (18ms)
		EndReloadAssembly (711ms)
			LoadAssemblies (79ms)
			RebuildTransferFunctionScriptingTraits (0ms)
			SetupTypeCache (224ms)
			ReleaseScriptCaches (1ms)
			RebuildScriptCaches (44ms)
			SetupLoadedEditorAssemblies (332ms)
				LogAssemblyErrors (0ms)
				InitializePlatformSupportModulesInManaged (6ms)
				SetLoadedEditorAssemblies (0ms)
				RefreshPlugins (1ms)
				BeforeProcessingInitializeOnLoad (90ms)
				ProcessInitializeOnLoadAttributes (204ms)
				ProcessInitializeOnLoadMethodAttributes (23ms)
				AfterProcessingInitializeOnLoad (8ms)
				EditorAssembliesLoaded (0ms)
			ExecutionOrderSort2 (0ms)
			AwakeInstancesAfterBackupRestoration (5ms)
Platform modules already initialized, skipping
========================================================================
Worker process is ready to serve import requests
Launched and connected shader compiler UnityShaderCompiler.exe after 0.04 seconds
Refreshing native plugins compatible for Editor in 0.80 ms, found 3 plugins.
Preloading 0 native plugins for Editor in 0.00 ms.
Unloading 3768 Unused Serialized files (Serialized files now loaded: 0)
Unloading 28 unused Assets / (154.4 KB). Loaded Objects now: 4230.
Memory consumption went from 135.1 MB to 134.9 MB.
Total: 3.007500 ms (FindLiveObjects: 0.327600 ms CreateObjectMapping: 0.095000 ms MarkObjects: 2.438700 ms  DeleteObjects: 0.145400 ms)

AssetImportParameters requested are different than current active one (requested -> active):
  custom:video-decoder-ogg-theora: a1e56fd34408186e4bbccfd4996cb3dc -> 
  custom:container-muxer-webm: aa71ff27fc2769a1b78a27578f13a17b -> 
  custom:container-demuxer-webm: 4f35f7cbe854078d1ac9338744f61a02 -> 
  custom:video-encoder-webm-vp8: eb34c28f22e8b96e1ab97ce403110664 -> 
  custom:audio-encoder-webm-vorbis: bf7c407c2cedff20999df2af8eb42d56 -> 
  custom:framework-win-MediaFoundation: 216162199b28c13a410421893ffa2e32 -> 
  custom:container-demuxer-ogg: 62fdf1f143b41e24485cea50d1cbac27 -> 
  custom:video-decoder-webm-vp8: 9c59270c3fd7afecdb556c50c9e8de78 -> 
  custom:audio-decoder-ogg-vorbis: bf7c407c2cedff20999df2af8eb42d56 -> 
========================================================================
Received Import Request.
  Time since last request: 145120.661894 seconds.
  path: Assets/Rocks/Textures/rockmat.mat
  artifactKey: Guid(8259afd1b81361449ab78dee16cd2591) Importer(815301076,1909f56bfc062723c751e8b465ee728b)
Start importing Assets/Rocks/Textures/rockmat.mat using Guid(8259afd1b81361449ab78dee16cd2591) Importer(815301076,1909f56bfc062723c751e8b465ee728b)  -> (artifact id: '7a7a642c07e65e292a477edff272c8b0') in 0.097676 seconds 
========================================================================
Received Prepare
Registering precompiled user dll's ...
Registered in 0.005087 seconds.
Begin MonoManager ReloadAssembly
Symbol file LoadedFromMemory doesn't match image C:\Users\Dan\Desktop\Upenn game\Library\PackageCache\com.unity.visualscripting@1.7.8\Editor\VisualScripting.Core\Dependencies\YamlDotNet\Unity.VisualScripting.YamlDotNet.dll
Symbol file LoadedFromMemory doesn't match image C:\Users\Dan\Desktop\Upenn game\Library\PackageCache\com.unity.visualscripting@1.7.8\Editor\VisualScripting.Core\Dependencies\DotNetZip\Unity.VisualScripting.IonicZip.dll
Native extension for WindowsStandalone target not found
Native extension for WebGL target not found
Refreshing native plugins compatible for Editor in 0.82 ms, found 3 plugins.
Preloading 0 native plugins for Editor in 0.00 ms.
Mono: successfully reloaded assembly
- Completed reload, in  0.900 seconds
Domain Reload Profiling:
	ReloadAssembly (901ms)
		BeginReloadAssembly (120ms)
			ExecutionOrderSort (0ms)
			DisableScriptedObjects (4ms)
			BackupInstance (0ms)
			ReleaseScriptingObjects (0ms)
			CreateAndSetChildDomain (32ms)
		EndReloadAssembly (693ms)
			LoadAssemblies (73ms)
			RebuildTransferFunctionScriptingTraits (0ms)
			SetupTypeCache (232ms)
			ReleaseScriptCaches (1ms)
			RebuildScriptCaches (39ms)
			SetupLoadedEditorAssemblies (310ms)
				LogAssemblyErrors (0ms)
				InitializePlatformSupportModulesInManaged (13ms)
				SetLoadedEditorAssemblies (0ms)
				RefreshPlugins (1ms)
				BeforeProcessingInitializeOnLoad (73ms)
				ProcessInitializeOnLoadAttributes (188ms)
				ProcessInitializeOnLoadMethodAttributes (25ms)
				AfterProcessingInitializeOnLoad (10ms)
				EditorAssembliesLoaded (0ms)
			ExecutionOrderSort2 (0ms)
			AwakeInstancesAfterBackupRestoration (6ms)
Platform modules already initialized, skipping
Refreshing native plugins compatible for Editor in 2.26 ms, found 3 plugins.
Preloading 0 native plugins for Editor in 0.00 ms.
Unloading 3744 Unused Serialized files (Serialized files now loaded: 0)
Unloading 21 unused Assets / (114.9 KB). Loaded Objects now: 4273.
Memory consumption went from 137.7 MB to 137.6 MB.
Total: 3.195100 ms (FindLiveObjects: 0.331900 ms CreateObjectMapping: 0.081300 ms MarkObjects: 2.679900 ms  DeleteObjects: 0.101300 ms)

AssetImportParameters requested are different than current active one (requested -> active):
  custom:video-decoder-ogg-theora: a1e56fd34408186e4bbccfd4996cb3dc -> 
  custom:container-muxer-webm: aa71ff27fc2769a1b78a27578f13a17b -> 
  custom:container-demuxer-webm: 4f35f7cbe854078d1ac9338744f61a02 -> 
  custom:video-encoder-webm-vp8: eb34c28f22e8b96e1ab97ce403110664 -> 
  custom:audio-encoder-webm-vorbis: bf7c407c2cedff20999df2af8eb42d56 -> 
  custom:framework-win-MediaFoundation: 216162199b28c13a410421893ffa2e32 -> 
  custom:container-demuxer-ogg: 62fdf1f143b41e24485cea50d1cbac27 -> 
  custom:video-decoder-webm-vp8: 9c59270c3fd7afecdb556c50c9e8de78 -> 
  custom:audio-decoder-ogg-vorbis: bf7c407c2cedff20999df2af8eb42d56 -> 
========================================================================
Received Prepare
Registering precompiled user dll's ...
Registered in 0.007480 seconds.
Begin MonoManager ReloadAssembly
Symbol file LoadedFromMemory doesn't match image C:\Users\Dan\Desktop\Upenn game\Library\PackageCache\com.unity.visualscripting@1.7.8\Editor\VisualScripting.Core\Dependencies\YamlDotNet\Unity.VisualScripting.YamlDotNet.dll
Symbol file LoadedFromMemory doesn't match image C:\Users\Dan\Desktop\Upenn game\Library\PackageCache\com.unity.visualscripting@1.7.8\Editor\VisualScripting.Core\Dependencies\DotNetZip\Unity.VisualScripting.IonicZip.dll
Native extension for WindowsStandalone target not found
Native extension for WebGL target not found
Refreshing native plugins compatible for Editor in 0.70 ms, found 3 plugins.
Preloading 0 native plugins for Editor in 0.00 ms.
Mono: successfully reloaded assembly
- Completed reload, in  0.901 seconds
Domain Reload Profiling:
	ReloadAssembly (901ms)
		BeginReloadAssembly (118ms)
			ExecutionOrderSort (0ms)
			DisableScriptedObjects (5ms)
			BackupInstance (0ms)
			ReleaseScriptingObjects (0ms)
			CreateAndSetChildDomain (30ms)
		EndReloadAssembly (696ms)
			LoadAssemblies (76ms)
			RebuildTransferFunctionScriptingTraits (0ms)
			SetupTypeCache (236ms)
			ReleaseScriptCaches (1ms)
			RebuildScriptCaches (38ms)
			SetupLoadedEditorAssemblies (307ms)
				LogAssemblyErrors (0ms)
				InitializePlatformSupportModulesInManaged (12ms)
				SetLoadedEditorAssemblies (0ms)
				RefreshPlugins (1ms)
				BeforeProcessingInitializeOnLoad (71ms)
				ProcessInitializeOnLoadAttributes (184ms)
				ProcessInitializeOnLoadMethodAttributes (27ms)
				AfterProcessingInitializeOnLoad (10ms)
				EditorAssembliesLoaded (0ms)
			ExecutionOrderSort2 (0ms)
			AwakeInstancesAfterBackupRestoration (6ms)
Platform modules already initialized, skipping
Refreshing native plugins compatible for Editor in 2.31 ms, found 3 plugins.
Preloading 0 native plugins for Editor in 0.00 ms.
Unloading 3744 Unused Serialized files (Serialized files now loaded: 0)
Unloading 21 unused Assets / (115.0 KB). Loaded Objects now: 4276.
Memory consumption went from 137.7 MB to 137.6 MB.
Total: 3.050700 ms (FindLiveObjects: 0.355100 ms CreateObjectMapping: 0.086600 ms MarkObjects: 2.511400 ms  DeleteObjects: 0.096400 ms)

AssetImportParameters requested are different than current active one (requested -> active):
  custom:video-decoder-ogg-theora: a1e56fd34408186e4bbccfd4996cb3dc -> 
  custom:container-muxer-webm: aa71ff27fc2769a1b78a27578f13a17b -> 
  custom:container-demuxer-webm: 4f35f7cbe854078d1ac9338744f61a02 -> 
  custom:video-encoder-webm-vp8: eb34c28f22e8b96e1ab97ce403110664 -> 
  custom:audio-encoder-webm-vorbis: bf7c407c2cedff20999df2af8eb42d56 -> 
  custom:framework-win-MediaFoundation: 216162199b28c13a410421893ffa2e32 -> 
  custom:container-demuxer-ogg: 62fdf1f143b41e24485cea50d1cbac27 -> 
  custom:video-decoder-webm-vp8: 9c59270c3fd7afecdb556c50c9e8de78 -> 
  custom:audio-decoder-ogg-vorbis: bf7c407c2cedff20999df2af8eb42d56 -> 
========================================================================
Received Import Request.
  Time since last request: 446.821102 seconds.
  path: Assets/Rocks/Textures/rockmat.mat
  artifactKey: Guid(8259afd1b81361449ab78dee16cd2591) Importer(815301076,1909f56bfc062723c751e8b465ee728b)
Start importing Assets/Rocks/Textures/rockmat.mat using Guid(8259afd1b81361449ab78dee16cd2591) Importer(815301076,1909f56bfc062723c751e8b465ee728b)  -> (artifact id: 'e83b3b0867c97830c3753578fab4bf1b') in 0.070998 seconds 
========================================================================
Received Import Request.
  Time since last request: 11.533383 seconds.
  path: Assets/Scenes
  artifactKey: Guid(6ea315d0fd7389c41b19996891e99ae3) Importer(815301076,1909f56bfc062723c751e8b465ee728b)
Start importing Assets/Scenes using Guid(6ea315d0fd7389c41b19996891e99ae3) Importer(815301076,1909f56bfc062723c751e8b465ee728b)  -> (artifact id: 'b8193726cff86800c54781cdc6d54904') in 0.005300 seconds 
========================================================================
Received Import Request.
  Time since last request: 1.183028 seconds.
  path: Assets/Scenes/LVL-2.unity
  artifactKey: Guid(213107057fd29c44186af35b6445aabc) Importer(815301076,1909f56bfc062723c751e8b465ee728b)
Start importing Assets/Scenes/LVL-2.unity using Guid(213107057fd29c44186af35b6445aabc) Importer(815301076,1909f56bfc062723c751e8b465ee728b)  -> (artifact id: 'c4beef91c24d47cc2fbf0550c4793bdb') in 0.005038 seconds 
========================================================================
Received Import Request.
  Time since last request: 11.437794 seconds.
  path: Assets/Scenes/LVL-1.unity
  artifactKey: Guid(9fc0d4010bbf28b4594072e72b8655ab) Importer(815301076,1909f56bfc062723c751e8b465ee728b)
Start importing Assets/Scenes/LVL-1.unity using Guid(9fc0d4010bbf28b4594072e72b8655ab) Importer(815301076,1909f56bfc062723c751e8b465ee728b)  -> (artifact id: '5ef40c7f6eeea40efb629376eeb96c68') in 0.005127 seconds 
========================================================================
Received Import Request.
  Time since last request: 60.730116 seconds.
  path: Assets/Prefabs/Gestapo-0.obj
  artifactKey: Guid(6654372ae0ceb7b4fbeac38bc23a5a48) Importer(815301076,1909f56bfc062723c751e8b465ee728b)
Start importing Assets/Prefabs/Gestapo-0.obj using Guid(6654372ae0ceb7b4fbeac38bc23a5a48) Importer(815301076,1909f56bfc062723c751e8b465ee728b)  -> (artifact id: '2333516e46ca455e2fa02012d07ce4f9') in 0.063771 seconds 
========================================================================
Received Import Request.
  Time since last request: 4.895781 seconds.
  path: Assets/Prefabs/Gestapo-1.obj
  artifactKey: Guid(987a8513e97b4a5448e93716d24df90d) Importer(815301076,1909f56bfc062723c751e8b465ee728b)
Start importing Assets/Prefabs/Gestapo-1.obj using Guid(987a8513e97b4a5448e93716d24df90d) Importer(815301076,1909f56bfc062723c751e8b465ee728b)  -> (artifact id: 'a13643746efc992b872ab7eb4e29622e') in 0.026285 seconds 
========================================================================
Received Import Request.
  Time since last request: 22.595647 seconds.
  path: Assets/Prefabs/Gestapo-1.png
  artifactKey: Guid(3a01f6381de50cd44bcebad28e980ffc) Importer(815301076,1909f56bfc062723c751e8b465ee728b)
Start importing Assets/Prefabs/Gestapo-1.png using Guid(3a01f6381de50cd44bcebad28e980ffc) Importer(815301076,1909f56bfc062723c751e8b465ee728b)  -> (artifact id: 'e09250f9f4fc64b7e985595747694ac9') in 0.017437 seconds 
========================================================================
Received Import Request.
  Time since last request: 11.056500 seconds.
  path: Assets/Prefabs/gestapo.mat
  artifactKey: Guid(715c33afeeab15144851b2c5700f7fb1) Importer(815301076,1909f56bfc062723c751e8b465ee728b)
Start importing Assets/Prefabs/gestapo.mat using Guid(715c33afeeab15144851b2c5700f7fb1) Importer(815301076,1909f56bfc062723c751e8b465ee728b)  -> (artifact id: '0253a725784d318f7ec7698b3f3f03e5') in 0.012409 seconds 
========================================================================
Received Import Request.
  Time since last request: 166.441157 seconds.
  path: Assets/Prefabs/Enemy.prefab
  artifactKey: Guid(34194d365796375458f0873605e04c34) Importer(815301076,1909f56bfc062723c751e8b465ee728b)
Start importing Assets/Prefabs/Enemy.prefab using Guid(34194d365796375458f0873605e04c34) Importer(815301076,1909f56bfc062723c751e8b465ee728b)  -> (artifact id: 'cb93d302b6da5e4a5fedc62db064aad9') in 0.020834 seconds 
========================================================================
Received Import Request.
  Time since last request: 2.561925 seconds.
  path: Assets/Prefabs/Enemy.prefab
  artifactKey: Guid(34194d365796375458f0873605e04c34) Importer(815301076,1909f56bfc062723c751e8b465ee728b)
Start importing Assets/Prefabs/Enemy.prefab using Guid(34194d365796375458f0873605e04c34) Importer(815301076,1909f56bfc062723c751e8b465ee728b)  -> (artifact id: '27eab85eed799b8d4932f6a7e0bfb750') in 0.012092 seconds 
========================================================================
Received Import Request.
  Time since last request: 5.802228 seconds.
  path: Assets/Prefabs/Enemy.prefab
  artifactKey: Guid(34194d365796375458f0873605e04c34) Importer(815301076,1909f56bfc062723c751e8b465ee728b)
Start importing Assets/Prefabs/Enemy.prefab using Guid(34194d365796375458f0873605e04c34) Importer(815301076,1909f56bfc062723c751e8b465ee728b)  -> (artifact id: '1a3ce8d6b75ded45abd653d68feecfe5') in 0.010741 seconds 
========================================================================
Received Import Request.
  Time since last request: 2.601520 seconds.
  path: Assets/Prefabs/Enemy.prefab
  artifactKey: Guid(34194d365796375458f0873605e04c34) Importer(815301076,1909f56bfc062723c751e8b465ee728b)
Start importing Assets/Prefabs/Enemy.prefab using Guid(34194d365796375458f0873605e04c34) Importer(815301076,1909f56bfc062723c751e8b465ee728b)  -> (artifact id: 'bc622c4688dbe4a67283d03adbf0431f') in 0.010528 seconds 
========================================================================
Received Import Request.
  Time since last request: 3.413896 seconds.
  path: Assets/Prefabs/Enemy.prefab
  artifactKey: Guid(34194d365796375458f0873605e04c34) Importer(815301076,1909f56bfc062723c751e8b465ee728b)
Start importing Assets/Prefabs/Enemy.prefab using Guid(34194d365796375458f0873605e04c34) Importer(815301076,1909f56bfc062723c751e8b465ee728b)  -> (artifact id: '16d57f3e1c3042f01a2c8ba8022501f2') in 0.020267 seconds 
========================================================================
Received Import Request.
  Time since last request: 2.381205 seconds.
  path: Assets/Prefabs/Enemy.prefab
  artifactKey: Guid(34194d365796375458f0873605e04c34) Importer(815301076,1909f56bfc062723c751e8b465ee728b)
Start importing Assets/Prefabs/Enemy.prefab using Guid(34194d365796375458f0873605e04c34) Importer(815301076,1909f56bfc062723c751e8b465ee728b)  -> (artifact id: 'bef2a345a99ff3db5a794a858022f9ba') in 0.007718 seconds 
========================================================================
Received Import Request.
  Time since last request: 12.274960 seconds.
  path: Assets/Prefabs/Enemy.prefab
  artifactKey: Guid(34194d365796375458f0873605e04c34) Importer(815301076,1909f56bfc062723c751e8b465ee728b)
Start importing Assets/Prefabs/Enemy.prefab using Guid(34194d365796375458f0873605e04c34) Importer(815301076,1909f56bfc062723c751e8b465ee728b)  -> (artifact id: '07cb405315409e37890be119871fc9c4') in 0.011966 seconds 
========================================================================
Received Import Request.
  Time since last request: 391.170387 seconds.
  path: Assets/Prefabs/Enemy.prefab
  artifactKey: Guid(34194d365796375458f0873605e04c34) Importer(815301076,1909f56bfc062723c751e8b465ee728b)
Start importing Assets/Prefabs/Enemy.prefab using Guid(34194d365796375458f0873605e04c34) Importer(815301076,1909f56bfc062723c751e8b465ee728b)  -> (artifact id: 'a61cf226bb820904fafae9ce9e0aaef6') in 0.014332 seconds 
========================================================================
Received Prepare
Registering precompiled user dll's ...
Registered in 0.006089 seconds.
Begin MonoManager ReloadAssembly
Symbol file LoadedFromMemory doesn't match image C:\Users\Dan\Desktop\Upenn game\Library\PackageCache\com.unity.visualscripting@1.7.8\Editor\VisualScripting.Core\Dependencies\YamlDotNet\Unity.VisualScripting.YamlDotNet.dll
Symbol file LoadedFromMemory doesn't match image C:\Users\Dan\Desktop\Upenn game\Library\PackageCache\com.unity.visualscripting@1.7.8\Editor\VisualScripting.Core\Dependencies\DotNetZip\Unity.VisualScripting.IonicZip.dll
Native extension for WindowsStandalone target not found
Native extension for WebGL target not found
Refreshing native plugins compatible for Editor in 0.68 ms, found 3 plugins.
Preloading 0 native plugins for Editor in 0.00 ms.
Mono: successfully reloaded assembly
- Completed reload, in  0.875 seconds
Domain Reload Profiling:
	ReloadAssembly (875ms)
		BeginReloadAssembly (124ms)
			ExecutionOrderSort (0ms)
			DisableScriptedObjects (4ms)
			BackupInstance (0ms)
			ReleaseScriptingObjects (0ms)
			CreateAndSetChildDomain (33ms)
		EndReloadAssembly (661ms)
			LoadAssemblies (86ms)
			RebuildTransferFunctionScriptingTraits (0ms)
			SetupTypeCache (225ms)
			ReleaseScriptCaches (1ms)
			RebuildScriptCaches (36ms)
			SetupLoadedEditorAssemblies (288ms)
				LogAssemblyErrors (0ms)
				InitializePlatformSupportModulesInManaged (12ms)
				SetLoadedEditorAssemblies (0ms)
				RefreshPlugins (1ms)
				BeforeProcessingInitializeOnLoad (67ms)
				ProcessInitializeOnLoadAttributes (179ms)
				ProcessInitializeOnLoadMethodAttributes (22ms)
				AfterProcessingInitializeOnLoad (7ms)
				EditorAssembliesLoaded (0ms)
			ExecutionOrderSort2 (0ms)
			AwakeInstancesAfterBackupRestoration (5ms)
Platform modules already initialized, skipping
Refreshing native plugins compatible for Editor in 1.99 ms, found 3 plugins.
Preloading 0 native plugins for Editor in 0.00 ms.
Unloading 3745 Unused Serialized files (Serialized files now loaded: 0)
Unloading 21 unused Assets / (129.8 KB). Loaded Objects now: 4286.
Memory consumption went from 137.9 MB to 137.8 MB.
Total: 2.927800 ms (FindLiveObjects: 0.295700 ms CreateObjectMapping: 0.078700 ms MarkObjects: 2.443500 ms  DeleteObjects: 0.108900 ms)

AssetImportParameters requested are different than current active one (requested -> active):
  custom:video-decoder-ogg-theora: a1e56fd34408186e4bbccfd4996cb3dc -> 
  custom:container-muxer-webm: aa71ff27fc2769a1b78a27578f13a17b -> 
  custom:container-demuxer-webm: 4f35f7cbe854078d1ac9338744f61a02 -> 
  custom:video-encoder-webm-vp8: eb34c28f22e8b96e1ab97ce403110664 -> 
  custom:audio-encoder-webm-vorbis: bf7c407c2cedff20999df2af8eb42d56 -> 
  custom:framework-win-MediaFoundation: 216162199b28c13a410421893ffa2e32 -> 
  custom:container-demuxer-ogg: 62fdf1f143b41e24485cea50d1cbac27 -> 
  custom:video-decoder-webm-vp8: 9c59270c3fd7afecdb556c50c9e8de78 -> 
  custom:audio-decoder-ogg-vorbis: bf7c407c2cedff20999df2af8eb42d56 -> 
========================================================================
Received Import Request.
  Time since last request: 18.332106 seconds.
  path: Assets/Scifi-Gun
  artifactKey: Guid(b20f109df99220942beeaf87448bcbdd) Importer(815301076,1909f56bfc062723c751e8b465ee728b)
Start importing Assets/Scifi-Gun using Guid(b20f109df99220942beeaf87448bcbdd) Importer(815301076,1909f56bfc062723c751e8b465ee728b)  -> (artifact id: '77a479f37709bb1dbbf47cf88e31b16c') in 0.010378 seconds 
========================================================================
Received Import Request.
  Time since last request: 3.198674 seconds.
  path: Assets/Scifi-Gun/Materials
  artifactKey: Guid(78ffef1c2b630e4438e0c512a2067d04) Importer(815301076,1909f56bfc062723c751e8b465ee728b)
Start importing Assets/Scifi-Gun/Materials using Guid(78ffef1c2b630e4438e0c512a2067d04) Importer(815301076,1909f56bfc062723c751e8b465ee728b)  -> (artifact id: '7f669f9ad1453cea66e1cce7f78b3e4d') in 0.004854 seconds 
========================================================================
Received Import Request.
  Time since last request: 0.042705 seconds.
  path: Assets/Scifi-Gun/Materials/Baked.mat
  artifactKey: Guid(c06faea80f7261942b2d0a00bc28e407) Importer(815301076,1909f56bfc062723c751e8b465ee728b)
Start importing Assets/Scifi-Gun/Materials/Baked.mat using Guid(c06faea80f7261942b2d0a00bc28e407) Importer(815301076,1909f56bfc062723c751e8b465ee728b)  -> (artifact id: '3a5eafaec079f7e27c975c5ced33fca2') in 0.056246 seconds 
========================================================================
Received Import Request.
  Time since last request: 0.000026 seconds.
  path: Assets/Scifi-Gun/Materials/White-Emmisions.mat
  artifactKey: Guid(6a247f4e235b3b24da117d3d4161fc37) Importer(815301076,1909f56bfc062723c751e8b465ee728b)
Start importing Assets/Scifi-Gun/Materials/White-Emmisions.mat using Guid(6a247f4e235b3b24da117d3d4161fc37) Importer(815301076,1909f56bfc062723c751e8b465ee728b)  -> (artifact id: '7e97dcfb7acae0554d29a22b343293e1') in 0.012501 seconds 
========================================================================
Received Import Request.
  Time since last request: 0.000026 seconds.
  path: Assets/Scifi-Gun/Materials/Red-Emmisions.mat
  artifactKey: Guid(c8e88f5156cc96540a5d9709301809fd) Importer(815301076,1909f56bfc062723c751e8b465ee728b)
Start importing Assets/Scifi-Gun/Materials/Red-Emmisions.mat using Guid(c8e88f5156cc96540a5d9709301809fd) Importer(815301076,1909f56bfc062723c751e8b465ee728b)  -> (artifact id: '764cf12eab1dbc3d96dbcf584046ff84') in 0.011950 seconds 
========================================================================
Received Import Request.
  Time since last request: 0.000020 seconds.
  path: Assets/Scifi-Gun/Materials/Diffuse Map 1.mat
  artifactKey: Guid(45458a59bd45c4142be9e590543d572a) Importer(815301076,1909f56bfc062723c751e8b465ee728b)
Start importing Assets/Scifi-Gun/Materials/Diffuse Map 1.mat using Guid(45458a59bd45c4142be9e590543d572a) Importer(815301076,1909f56bfc062723c751e8b465ee728b)  -> (artifact id: '44608a0bca4f34f6dc8e7859d17e6df9') in 0.011557 seconds 
Editor requested this worker to shutdown with reason: Scaling down because of idle timeout
AssetImportWorker is now disconnected from the server
Process exiting
Exiting without the bug reporter. Application will terminate with return code 0