Using pre-set license
Built from '2021.3/staging' branch; Version is '2021.3.8f1 (b30333d56e81) revision 11731763'; Using compiler version '192829333'; Build Type 'Release'
OS: 'Windows 10  (10.0.19044) 64bit Core' Language: 'en' Physical Memory: 16327 MB
BatchMode: 1, IsHumanControllingUs: 0, StartBugReporterOnCrash: 0, Is64bit: 1, IsPro: 1

COMMAND LINE ARGUMENTS:
C:\Program Files\Unity\Hub\Editor\2021.3.8f1\Editor\Unity.exe
-adb2
-batchMode
-noUpm
-name
AssetImportWorker0
-projectPath
C:/Users/Dan/Desktop/Upenn game
-logFile
Logs/AssetImportWorker0.log
-srvPort
62901
Successfully changed project path to: C:/Users/Dan/Desktop/Upenn game
C:/Users/Dan/Desktop/Upenn game
[UnityMemory] Configuration Parameters - Can be set up in boot.config
    "memorysetup-bucket-allocator-granularity=16"
    "memorysetup-bucket-allocator-bucket-count=8"
    "memorysetup-bucket-allocator-block-size=33554432"
    "memorysetup-bucket-allocator-block-count=8"
    "memorysetup-main-allocator-block-size=16777216"
    "memorysetup-thread-allocator-block-size=16777216"
    "memorysetup-gfx-main-allocator-block-size=16777216"
    "memorysetup-gfx-thread-allocator-block-size=16777216"
    "memorysetup-cache-allocator-block-size=4194304"
    "memorysetup-typetree-allocator-block-size=2097152"
    "memorysetup-profiler-bucket-allocator-granularity=16"
    "memorysetup-profiler-bucket-allocator-bucket-count=8"
    "memorysetup-profiler-bucket-allocator-block-size=33554432"
    "memorysetup-profiler-bucket-allocator-block-count=8"
    "memorysetup-profiler-allocator-block-size=16777216"
    "memorysetup-profiler-editor-allocator-block-size=1048576"
    "memorysetup-temp-allocator-size-main=16777216"
    "memorysetup-job-temp-allocator-block-size=2097152"
    "memorysetup-job-temp-allocator-block-size-background=1048576"
    "memorysetup-job-temp-allocator-reduction-small-platforms=262144"
    "memorysetup-temp-allocator-size-background-worker=32768"
    "memorysetup-temp-allocator-size-job-worker=262144"
    "memorysetup-temp-allocator-size-preload-manager=33554432"
    "memorysetup-temp-allocator-size-nav-mesh-worker=65536"
    "memorysetup-temp-allocator-size-audio-worker=65536"
    "memorysetup-temp-allocator-size-cloud-worker=32768"
    "memorysetup-temp-allocator-size-gi-baking-worker=262144"
    "memorysetup-temp-allocator-size-gfx=262144"
Refreshing native plugins compatible for Editor in 80.69 ms, found 3 plugins.
Preloading 0 native plugins for Editor in 0.00 ms.
Initialize engine version: 2021.3.8f1 (b30333d56e81)
[Subsystems] Discovering subsystems at path C:/Program Files/Unity/Hub/Editor/2021.3.8f1/Editor/Data/Resources/UnitySubsystems
[Subsystems] Discovering subsystems at path C:/Users/Dan/Desktop/Upenn game/Assets
GfxDevice: creating device client; threaded=0; jobified=0
Direct3D:
    Version:  Direct3D 11.0 [level 11.1]
    Renderer: NVIDIA GeForce RTX 2070 SUPER (ID=0x1e84)
    Vendor:   NVIDIA
    VRAM:     8011 MB
    Driver:   31.0.15.1694
Initialize mono
Mono path[0] = 'C:/Program Files/Unity/Hub/Editor/2021.3.8f1/Editor/Data/Managed'
Mono path[1] = 'C:/Program Files/Unity/Hub/Editor/2021.3.8f1/Editor/Data/MonoBleedingEdge/lib/mono/unityjit-win32'
Mono config path = 'C:/Program Files/Unity/Hub/Editor/2021.3.8f1/Editor/Data/MonoBleedingEdge/etc'
Using monoOptions --debugger-agent=transport=dt_socket,embedding=1,server=y,suspend=n,address=127.0.0.1:56624
Begin MonoManager ReloadAssembly
Registering precompiled unity dll's ...
Register platform support module: C:/Program Files/Unity/Hub/Editor/2021.3.8f1/Editor/Data/PlaybackEngines/WebGLSupport/UnityEditor.WebGL.Extensions.dll
Register platform support module: C:/Program Files/Unity/Hub/Editor/2021.3.8f1/Editor/Data/PlaybackEngines/WindowsStandaloneSupport/UnityEditor.WindowsStandalone.Extensions.dll
Registered in 0.009372 seconds.
Native extension for WindowsStandalone target not found
Native extension for WebGL target not found
Refreshing native plugins compatible for Editor in 80.12 ms, found 3 plugins.
Preloading 0 native plugins for Editor in 0.00 ms.
Mono: successfully reloaded assembly
- Completed reload, in  0.550 seconds
Domain Reload Profiling:
	ReloadAssembly (550ms)
		BeginReloadAssembly (65ms)
			ExecutionOrderSort (0ms)
			DisableScriptedObjects (0ms)
			BackupInstance (0ms)
			ReleaseScriptingObjects (0ms)
			CreateAndSetChildDomain (1ms)
		EndReloadAssembly (385ms)
			LoadAssemblies (63ms)
			RebuildTransferFunctionScriptingTraits (0ms)
			SetupTypeCache (84ms)
			ReleaseScriptCaches (0ms)
			RebuildScriptCaches (23ms)
			SetupLoadedEditorAssemblies (237ms)
				LogAssemblyErrors (0ms)
				InitializePlatformSupportModulesInManaged (8ms)
				SetLoadedEditorAssemblies (0ms)
				RefreshPlugins (80ms)
				BeforeProcessingInitializeOnLoad (1ms)
				ProcessInitializeOnLoadAttributes (112ms)
				ProcessInitializeOnLoadMethodAttributes (35ms)
				AfterProcessingInitializeOnLoad (0ms)
				EditorAssembliesLoaded (0ms)
			ExecutionOrderSort2 (0ms)
			AwakeInstancesAfterBackupRestoration (0ms)
Platform modules already initialized, skipping
Registering precompiled user dll's ...
Registered in 0.006083 seconds.
Begin MonoManager ReloadAssembly
Symbol file LoadedFromMemory doesn't match image C:\Users\Dan\Desktop\Upenn game\Library\PackageCache\com.unity.visualscripting@1.7.8\Editor\VisualScripting.Core\Dependencies\YamlDotNet\Unity.VisualScripting.YamlDotNet.dll
Symbol file LoadedFromMemory doesn't match image C:\Users\Dan\Desktop\Upenn game\Library\PackageCache\com.unity.visualscripting@1.7.8\Editor\VisualScripting.Core\Dependencies\DotNetZip\Unity.VisualScripting.IonicZip.dll
Native extension for WindowsStandalone target not found
Native extension for WebGL target not found
Refreshing native plugins compatible for Editor in 0.67 ms, found 3 plugins.
Preloading 0 native plugins for Editor in 0.00 ms.
Mono: successfully reloaded assembly
- Completed reload, in  0.887 seconds
Domain Reload Profiling:
	ReloadAssembly (888ms)
		BeginReloadAssembly (96ms)
			ExecutionOrderSort (0ms)
			DisableScriptedObjects (5ms)
			BackupInstance (0ms)
			ReleaseScriptingObjects (0ms)
			CreateAndSetChildDomain (18ms)
		EndReloadAssembly (693ms)
			LoadAssemblies (70ms)
			RebuildTransferFunctionScriptingTraits (0ms)
			SetupTypeCache (228ms)
			ReleaseScriptCaches (1ms)
			RebuildScriptCaches (44ms)
			SetupLoadedEditorAssemblies (321ms)
				LogAssemblyErrors (0ms)
				InitializePlatformSupportModulesInManaged (7ms)
				SetLoadedEditorAssemblies (0ms)
				RefreshPlugins (1ms)
				BeforeProcessingInitializeOnLoad (86ms)
				ProcessInitializeOnLoadAttributes (198ms)
				ProcessInitializeOnLoadMethodAttributes (22ms)
				AfterProcessingInitializeOnLoad (7ms)
				EditorAssembliesLoaded (0ms)
			ExecutionOrderSort2 (0ms)
			AwakeInstancesAfterBackupRestoration (5ms)
Platform modules already initialized, skipping
========================================================================
Worker process is ready to serve import requests
Launched and connected shader compiler UnityShaderCompiler.exe after 0.03 seconds
Refreshing native plugins compatible for Editor in 0.65 ms, found 3 plugins.
Preloading 0 native plugins for Editor in 0.00 ms.
Unloading 3872 Unused Serialized files (Serialized files now loaded: 0)
Unloading 32 unused Assets / (448.3 KB). Loaded Objects now: 4327.
Memory consumption went from 141.8 MB to 141.4 MB.
Total: 3.484800 ms (FindLiveObjects: 0.436300 ms CreateObjectMapping: 0.099900 ms MarkObjects: 2.728400 ms  DeleteObjects: 0.219000 ms)

AssetImportParameters requested are different than current active one (requested -> active):
  custom:video-decoder-ogg-theora: a1e56fd34408186e4bbccfd4996cb3dc -> 
  custom:container-muxer-webm: aa71ff27fc2769a1b78a27578f13a17b -> 
  custom:container-demuxer-webm: 4f35f7cbe854078d1ac9338744f61a02 -> 
  custom:video-encoder-webm-vp8: eb34c28f22e8b96e1ab97ce403110664 -> 
  custom:audio-encoder-webm-vorbis: bf7c407c2cedff20999df2af8eb42d56 -> 
  custom:framework-win-MediaFoundation: 216162199b28c13a410421893ffa2e32 -> 
  custom:container-demuxer-ogg: 62fdf1f143b41e24485cea50d1cbac27 -> 
  custom:video-decoder-webm-vp8: 9c59270c3fd7afecdb556c50c9e8de78 -> 
  custom:audio-decoder-ogg-vorbis: bf7c407c2cedff20999df2af8eb42d56 -> 
========================================================================
Received Import Request.
  Time since last request: 144061.022448 seconds.
  path: Assets/Mech/PostProcessing/Editor
  artifactKey: Guid(e0e418747b892364db5c5f4451e67ede) Importer(815301076,1909f56bfc062723c751e8b465ee728b)
Start importing Assets/Mech/PostProcessing/Editor using Guid(e0e418747b892364db5c5f4451e67ede) Importer(815301076,1909f56bfc062723c751e8b465ee728b)  -> (artifact id: 'af15d89b544fdc0cbfddfb5b9de3f5d8') in 0.011990 seconds 
========================================================================
Received Import Request.
  Time since last request: 2.180731 seconds.
  path: Assets/Mech/PostProcessing/Editor/PostProcessingBehaviourEditor.cs
  artifactKey: Guid(0c12e797b02402246a52aa270c45059b) Importer(815301076,1909f56bfc062723c751e8b465ee728b)
Start importing Assets/Mech/PostProcessing/Editor/PostProcessingBehaviourEditor.cs using Guid(0c12e797b02402246a52aa270c45059b) Importer(815301076,1909f56bfc062723c751e8b465ee728b)  -> (artifact id: '7e9aa881b5a748408c7efa31015472f8') in 0.019841 seconds 
========================================================================
Received Import Request.
  Time since last request: 0.459798 seconds.
  path: Assets/Mech/PostProcessing/Editor/PostProcessingFactory.cs
  artifactKey: Guid(0dfcadb180d67014cb0a6e18d6b11f90) Importer(815301076,1909f56bfc062723c751e8b465ee728b)
Start importing Assets/Mech/PostProcessing/Editor/PostProcessingFactory.cs using Guid(0dfcadb180d67014cb0a6e18d6b11f90) Importer(815301076,1909f56bfc062723c751e8b465ee728b)  -> (artifact id: 'caa567b9dc38ccf55f2d465cb682303d') in 0.005555 seconds 
========================================================================
Received Import Request.
  Time since last request: 0.415383 seconds.
  path: Assets/Mech/PostProcessing/Editor/PostProcessingInspector.cs
  artifactKey: Guid(27fa95984763d9d47bbad59e7fdb66fe) Importer(815301076,1909f56bfc062723c751e8b465ee728b)
Start importing Assets/Mech/PostProcessing/Editor/PostProcessingInspector.cs using Guid(27fa95984763d9d47bbad59e7fdb66fe) Importer(815301076,1909f56bfc062723c751e8b465ee728b)  -> (artifact id: '832c518ad82b466f3559db2f1e6b8c0e') in 0.005585 seconds 
========================================================================
Received Import Request.
  Time since last request: 1.170690 seconds.
  path: Assets/Mech/PostProcessing/Editor/PostProcessingMonitor.cs
  artifactKey: Guid(801186e9e649457469bcddd8ee391c71) Importer(815301076,1909f56bfc062723c751e8b465ee728b)
Start importing Assets/Mech/PostProcessing/Editor/PostProcessingMonitor.cs using Guid(801186e9e649457469bcddd8ee391c71) Importer(815301076,1909f56bfc062723c751e8b465ee728b)  -> (artifact id: 'be9dc599f394dda23fc0d6b9f49b04f6') in 0.005007 seconds 
========================================================================
Received Import Request.
  Time since last request: 0.834396 seconds.
  path: Assets/Mech/PostProcessing/Editor/PropertyDrawers
  artifactKey: Guid(ced92f1cc2085ae48acacc79a2b8e196) Importer(815301076,1909f56bfc062723c751e8b465ee728b)
Start importing Assets/Mech/PostProcessing/Editor/PropertyDrawers using Guid(ced92f1cc2085ae48acacc79a2b8e196) Importer(815301076,1909f56bfc062723c751e8b465ee728b)  -> (artifact id: 'a461ae8df185470b327295908c43245e') in 0.005406 seconds 
========================================================================
Received Prepare
Registering precompiled user dll's ...
Registered in 0.007345 seconds.
Begin MonoManager ReloadAssembly
Symbol file LoadedFromMemory doesn't match image C:\Users\Dan\Desktop\Upenn game\Library\PackageCache\com.unity.visualscripting@1.7.8\Editor\VisualScripting.Core\Dependencies\YamlDotNet\Unity.VisualScripting.YamlDotNet.dll
Symbol file LoadedFromMemory doesn't match image C:\Users\Dan\Desktop\Upenn game\Library\PackageCache\com.unity.visualscripting@1.7.8\Editor\VisualScripting.Core\Dependencies\DotNetZip\Unity.VisualScripting.IonicZip.dll
Native extension for WindowsStandalone target not found
Native extension for WebGL target not found
Refreshing native plugins compatible for Editor in 0.66 ms, found 3 plugins.
Preloading 0 native plugins for Editor in 0.00 ms.
Mono: successfully reloaded assembly
- Completed reload, in  0.854 seconds
Domain Reload Profiling:
	ReloadAssembly (854ms)
		BeginReloadAssembly (119ms)
			ExecutionOrderSort (0ms)
			DisableScriptedObjects (4ms)
			BackupInstance (0ms)
			ReleaseScriptingObjects (0ms)
			CreateAndSetChildDomain (32ms)
		EndReloadAssembly (647ms)
			LoadAssemblies (75ms)
			RebuildTransferFunctionScriptingTraits (0ms)
			SetupTypeCache (222ms)
			ReleaseScriptCaches (1ms)
			RebuildScriptCaches (35ms)
			SetupLoadedEditorAssemblies (282ms)
				LogAssemblyErrors (0ms)
				InitializePlatformSupportModulesInManaged (11ms)
				SetLoadedEditorAssemblies (0ms)
				RefreshPlugins (1ms)
				BeforeProcessingInitializeOnLoad (64ms)
				ProcessInitializeOnLoadAttributes (171ms)
				ProcessInitializeOnLoadMethodAttributes (24ms)
				AfterProcessingInitializeOnLoad (9ms)
				EditorAssembliesLoaded (0ms)
			ExecutionOrderSort2 (0ms)
			AwakeInstancesAfterBackupRestoration (5ms)
Platform modules already initialized, skipping
Refreshing native plugins compatible for Editor in 1.70 ms, found 3 plugins.
Preloading 0 native plugins for Editor in 0.00 ms.
Unloading 3744 Unused Serialized files (Serialized files now loaded: 0)
Unloading 66 unused Assets / (116.6 KB). Loaded Objects now: 4285.
Memory consumption went from 134.9 MB to 134.8 MB.
Total: 2.745600 ms (FindLiveObjects: 0.264600 ms CreateObjectMapping: 0.086600 ms MarkObjects: 2.286600 ms  DeleteObjects: 0.107300 ms)

AssetImportParameters requested are different than current active one (requested -> active):
  custom:video-decoder-ogg-theora: a1e56fd34408186e4bbccfd4996cb3dc -> 
  custom:container-muxer-webm: aa71ff27fc2769a1b78a27578f13a17b -> 
  custom:container-demuxer-webm: 4f35f7cbe854078d1ac9338744f61a02 -> 
  custom:video-encoder-webm-vp8: eb34c28f22e8b96e1ab97ce403110664 -> 
  custom:audio-encoder-webm-vorbis: bf7c407c2cedff20999df2af8eb42d56 -> 
  custom:framework-win-MediaFoundation: 216162199b28c13a410421893ffa2e32 -> 
  custom:container-demuxer-ogg: 62fdf1f143b41e24485cea50d1cbac27 -> 
  custom:video-decoder-webm-vp8: 9c59270c3fd7afecdb556c50c9e8de78 -> 
  custom:audio-decoder-ogg-vorbis: bf7c407c2cedff20999df2af8eb42d56 -> 
========================================================================
Received Import Request.
  Time since last request: 90.634195 seconds.
  path: Assets/Scenes/SampleScene.unity
  artifactKey: Guid(9fc0d4010bbf28b4594072e72b8655ab) Importer(815301076,1909f56bfc062723c751e8b465ee728b)
Start importing Assets/Scenes/SampleScene.unity using Guid(9fc0d4010bbf28b4594072e72b8655ab) Importer(815301076,1909f56bfc062723c751e8b465ee728b)  -> (artifact id: '99d5e736cbd926a432a17bdb641f511b') in 0.010901 seconds 
========================================================================
Received Import Request.
  Time since last request: 11.076349 seconds.
  path: Assets/Scenes/LVL-1.unity
  artifactKey: Guid(9fc0d4010bbf28b4594072e72b8655ab) Importer(815301076,1909f56bfc062723c751e8b465ee728b)
Start importing Assets/Scenes/LVL-1.unity using Guid(9fc0d4010bbf28b4594072e72b8655ab) Importer(815301076,1909f56bfc062723c751e8b465ee728b)  -> (artifact id: '83f0c8af8d228d2acb1b96994e08567d') in 0.005701 seconds 
========================================================================
Received Import Request.
  Time since last request: 19.348190 seconds.
  path: Assets/Scenes/LVL-1.unity
  artifactKey: Guid(9fc0d4010bbf28b4594072e72b8655ab) Importer(815301076,1909f56bfc062723c751e8b465ee728b)
Start importing Assets/Scenes/LVL-1.unity using Guid(9fc0d4010bbf28b4594072e72b8655ab) Importer(815301076,1909f56bfc062723c751e8b465ee728b)  -> (artifact id: '79e8d37fc5350801564247334a237ddf') in 0.001928 seconds 
========================================================================
Received Import Request.
  Time since last request: 6.170583 seconds.
  path: Assets/Scenes/LVL-1 1.unity
  artifactKey: Guid(213107057fd29c44186af35b6445aabc) Importer(815301076,1909f56bfc062723c751e8b465ee728b)
Start importing Assets/Scenes/LVL-1 1.unity using Guid(213107057fd29c44186af35b6445aabc) Importer(815301076,1909f56bfc062723c751e8b465ee728b)  -> (artifact id: '62181199a089f3a82d4b49ce03b9f877') in 0.004980 seconds 
========================================================================
Received Import Request.
  Time since last request: 6.856742 seconds.
  path: Assets/Scenes/LVL-2.unity
  artifactKey: Guid(213107057fd29c44186af35b6445aabc) Importer(815301076,1909f56bfc062723c751e8b465ee728b)
Start importing Assets/Scenes/LVL-2.unity using Guid(213107057fd29c44186af35b6445aabc) Importer(815301076,1909f56bfc062723c751e8b465ee728b)  -> (artifact id: '5b883aad05062de7b13466e1f9508050') in 0.005374 seconds 
========================================================================
Received Import Request.
  Time since last request: 568.701610 seconds.
  path: Assets/LowlyPoly
  artifactKey: Guid(d89d814bb9ba33544a48f54ba2cf1e09) Importer(815301076,1909f56bfc062723c751e8b465ee728b)
Start importing Assets/LowlyPoly using Guid(d89d814bb9ba33544a48f54ba2cf1e09) Importer(815301076,1909f56bfc062723c751e8b465ee728b)  -> (artifact id: '839c7eb7c38c01eb39ae05bc4ed5408a') in 0.005842 seconds 
========================================================================
Received Import Request.
  Time since last request: 0.863603 seconds.
  path: Assets/LowlyPoly/Stylized Grass Texture
  artifactKey: Guid(2f14d375d07e40941aa4c857f21eb94c) Importer(815301076,1909f56bfc062723c751e8b465ee728b)
Start importing Assets/LowlyPoly/Stylized Grass Texture using Guid(2f14d375d07e40941aa4c857f21eb94c) Importer(815301076,1909f56bfc062723c751e8b465ee728b)  -> (artifact id: 'a4acc3fa61e4ced0cc74d76c8ab4b705') in 0.005679 seconds 
========================================================================
Received Import Request.
  Time since last request: 1.789522 seconds.
  path: Assets/LowlyPoly/Stylized Grass Texture/Materials
  artifactKey: Guid(855350d72edd5b546aba24877b32789a) Importer(815301076,1909f56bfc062723c751e8b465ee728b)
Start importing Assets/LowlyPoly/Stylized Grass Texture/Materials using Guid(855350d72edd5b546aba24877b32789a) Importer(815301076,1909f56bfc062723c751e8b465ee728b)  -> (artifact id: '016e19b09b3027c75407df528b03f1a3') in 0.005006 seconds 
========================================================================
Received Import Request.
  Time since last request: 0.096020 seconds.
  path: Assets/LowlyPoly/Stylized Grass Texture/Materials/Stylize_Grass.mat
  artifactKey: Guid(5d8af8f434f69794eabd684fb44b4fbf) Importer(815301076,1909f56bfc062723c751e8b465ee728b)
Start importing Assets/LowlyPoly/Stylized Grass Texture/Materials/Stylize_Grass.mat using Guid(5d8af8f434f69794eabd684fb44b4fbf) Importer(815301076,1909f56bfc062723c751e8b465ee728b)  -> (artifact id: '66fe1f1b38e7a2d20402c903ac406a57') in 0.308839 seconds 
========================================================================
Received Import Request.
  Time since last request: 232.139145 seconds.
  path: Assets/Rocks
  artifactKey: Guid(0169f37fede237a48a3bcaddf3c4354b) Importer(815301076,1909f56bfc062723c751e8b465ee728b)
Start importing Assets/Rocks using Guid(0169f37fede237a48a3bcaddf3c4354b) Importer(815301076,1909f56bfc062723c751e8b465ee728b)  -> (artifact id: '75752d01c841d3bcfd62bd32d5aa0397') in 0.028201 seconds 
========================================================================
Received Import Request.
  Time since last request: 1.681431 seconds.
  path: Assets/Rocks/3dobjects_FBX
  artifactKey: Guid(01c5a2abc343bc841bc5b99d50b27bab) Importer(815301076,1909f56bfc062723c751e8b465ee728b)
Start importing Assets/Rocks/3dobjects_FBX using Guid(01c5a2abc343bc841bc5b99d50b27bab) Importer(815301076,1909f56bfc062723c751e8b465ee728b)  -> (artifact id: '7742971ac926a150ebec4eee0a1c44a1') in 0.005641 seconds 
========================================================================
Received Import Request.
  Time since last request: 0.051336 seconds.
  path: Assets/Rocks/3dobjects_FBX/rocks.fbx
  artifactKey: Guid(f3fcc5cde807e0e468ed655fd5460fd6) Importer(815301076,1909f56bfc062723c751e8b465ee728b)
Start importing Assets/Rocks/3dobjects_FBX/rocks.fbx using Guid(f3fcc5cde807e0e468ed655fd5460fd6) Importer(815301076,1909f56bfc062723c751e8b465ee728b)  -> (artifact id: '84e9987a20178d336716ac5a46030ea8') in 0.436854 seconds 
========================================================================
Received Import Request.
  Time since last request: 0.567670 seconds.
  path: Assets/Rocks/3dobjects_FBX/Materials
  artifactKey: Guid(60c8c68912c07ab469ae65c78f04127b) Importer(815301076,1909f56bfc062723c751e8b465ee728b)
Start importing Assets/Rocks/3dobjects_FBX/Materials using Guid(60c8c68912c07ab469ae65c78f04127b) Importer(815301076,1909f56bfc062723c751e8b465ee728b)  -> (artifact id: '68810230fa80961e650da231ff80b821') in 0.001946 seconds 
========================================================================
Received Import Request.
  Time since last request: 0.098476 seconds.
  path: Assets/Rocks/3dobjects_FBX/Materials/rocks-rocks.mat
  artifactKey: Guid(027e1cf830b5e574e8a027484ece6684) Importer(815301076,1909f56bfc062723c751e8b465ee728b)
Start importing Assets/Rocks/3dobjects_FBX/Materials/rocks-rocks.mat using Guid(027e1cf830b5e574e8a027484ece6684) Importer(815301076,1909f56bfc062723c751e8b465ee728b)  -> (artifact id: '5951524651bfdd552cb5cde6075a0258') in 0.013180 seconds 
========================================================================
Received Import Request.
  Time since last request: 93.582964 seconds.
  path: Assets/Rocks/Textures
  artifactKey: Guid(ef4a4de6faeea84469f05240417ed7b4) Importer(815301076,1909f56bfc062723c751e8b465ee728b)
Start importing Assets/Rocks/Textures using Guid(ef4a4de6faeea84469f05240417ed7b4) Importer(815301076,1909f56bfc062723c751e8b465ee728b)  -> (artifact id: '8d81db96f7a905afe71b2cb986cd90b8') in 0.006430 seconds 
========================================================================
Received Import Request.
  Time since last request: 1.117218 seconds.
  path: Assets/Rocks/Textures/rocks_01.bmp
  artifactKey: Guid(bcc09ffc75667c84a8eca8e4a8bc298e) Importer(815301076,1909f56bfc062723c751e8b465ee728b)
Start importing Assets/Rocks/Textures/rocks_01.bmp using Guid(bcc09ffc75667c84a8eca8e4a8bc298e) Importer(815301076,1909f56bfc062723c751e8b465ee728b)  -> (artifact id: '25ea7c0cd46b8890b8850142c24a6445') in 0.026597 seconds 
========================================================================
Received Import Request.
  Time since last request: 0.000023 seconds.
  path: Assets/Rocks/Textures/rocks_02_normal.bmp
  artifactKey: Guid(202ae0bf867ee2649a70a8f283477185) Importer(815301076,1909f56bfc062723c751e8b465ee728b)
Start importing Assets/Rocks/Textures/rocks_02_normal.bmp using Guid(202ae0bf867ee2649a70a8f283477185) Importer(815301076,1909f56bfc062723c751e8b465ee728b)  -> (artifact id: 'f96cb0d94cd7ba5aa43a84926c0420a5') in 0.016570 seconds 
========================================================================
Received Import Request.
  Time since last request: 0.000036 seconds.
  path: Assets/Rocks/Textures/rocks_04.bmp
  artifactKey: Guid(bc1757c8f3a21924dbc59d888295df7e) Importer(815301076,1909f56bfc062723c751e8b465ee728b)
Start importing Assets/Rocks/Textures/rocks_04.bmp using Guid(bc1757c8f3a21924dbc59d888295df7e) Importer(815301076,1909f56bfc062723c751e8b465ee728b)  -> (artifact id: '794f9130279ccf150f6d3be17dba2949') in 0.014017 seconds 
========================================================================
Received Import Request.
  Time since last request: 0.000030 seconds.
  path: Assets/Rocks/Textures/rocks_02.bmp
  artifactKey: Guid(f1ec8a4a425ef344082444c81d1959d7) Importer(815301076,1909f56bfc062723c751e8b465ee728b)
Start importing Assets/Rocks/Textures/rocks_02.bmp using Guid(f1ec8a4a425ef344082444c81d1959d7) Importer(815301076,1909f56bfc062723c751e8b465ee728b)  -> (artifact id: '0bbcf9b1e5cef16758385da844e1fc6f') in 0.012303 seconds 
Editor requested this worker to shutdown with reason: Scaling down because of idle timeout
AssetImportWorker is now disconnected from the server
Process exiting
Exiting without the bug reporter. Application will terminate with return code 0